{"meta": {"format": 3, "version": "7.15.2", "timestamp": "2026-09-01T19:22:15.804328", "branch_coverage": false, "show_contexts": false}, "files": {"fusion_security/__init__.py": {"executed_lines": [11, 12], "summary": {"covered_lines": 2, "num_statements": 2, "percent_covered": 100.0, "percent_covered_display": "100", "missing_lines": 0, "excluded_lines": 0, "percent_statements_covered": 100.0, "percent_statements_covered_display": "100"}, "missing_lines": [], "excluded_lines": [], "functions": {"": {"executed_lines": [11, 12], "summary": {"covered_lines": 2, "num_statements": 2, "percent_covered": 100.0, "percent_covered_display": "100", "missing_lines": 0, "excluded_lines": 0, "percent_statements_covered": 100.0, "percent_statements_covered_display": "100"}, "missing_lines": [], "excluded_lines": [], "start_line": 1}}, "classes": {"": {"executed_lines": [11, 12], "summary": {"covered_lines": 2, "num_statements": 2, "percent_covered": 100.0, "percent_covered_display": "100", "missing_lines": 0, "excluded_lines": 0, "percent_statements_covered": 100.0, "percent_statements_covered_display": "100"}, "missing_lines": [], "excluded_lines": [], "start_line": 1}}}, "fusion_security/api/__init__.py": {"executed_lines": [], "summary": {"covered_lines": 0, "num_statements": 0, "percent_covered": 100.0, "percent_covered_display": "100", "missing_lines": 0, "excluded_lines": 0, "percent_statements_covered": 100.0, "percent_statements_covered_display": "100"}, "missing_lines": [], "excluded_lines": [], "functions": {"": {"executed_lines": [], "summary": {"covered_lines": 0, "num_statements": 0, "percent_covered": 100.0, "percent_covered_display": "100", "missing_lines": 0, "excluded_lines": 0, "percent_statements_covered": 100.0, "percent_statements_covered_display": "100"}, "missing_lines": [], "excluded_lines": [], "start_line": 1}}, "classes": {"": {"executed_lines": [], "summary": {"covered_lines": 0, "num_statements": 0, "percent_covered": 100.0, "percent_covered_display": "100", "missing_lines": 0, "excluded_lines": 0, "percent_statements_covered": 100.0, "percent_statements_covered_display": "100"}, "missing_lines": [], "excluded_lines": [], "start_line": 1}}}, "fusion_security/api/app.py": {"executed_lines": [1, 3, 4, 5, 6, 8, 9, 11, 12, 14, 15, 19, 21, 24, 62, 63, 64, 66, 68, 69, 72, 73, 75, 76, 81, 82, 84, 85, 86, 91, 92, 93, 94, 96, 97, 98, 99, 103, 106, 107, 108, 109, 110, 112, 115, 116, 123, 124, 132, 133, 134, 135, 138, 139, 140, 141, 142, 144, 145, 146, 147, 148, 150, 151, 153, 154, 155, 157, 160], "summary": {"covered_lines": 69, "num_statements": 98, "percent_covered": 70.40816326530613, "percent_covered_display": "70", "missing_lines": 29, "excluded_lines": 0, "percent_statements_covered": 70.40816326530613, "percent_statements_covered_display": "70"}, "missing_lines": [16, 17, 26, 27, 28, 30, 31, 32, 34, 35, 36, 37, 38, 39, 40, 41, 42, 43, 55, 56, 57, 59, 77, 78, 87, 88, 100, 101, 149], "excluded_lines": [], "functions": {"_dispatch_scheduled_scan": {"executed_lines": [], "summary": {"covered_lines": 0, "num_statements": 20, "percent_covered": 0.0, "percent_covered_display": "0", "missing_lines": 20, "excluded_lines": 0, "percent_statements_covered": 0.0, "percent_statements_covered_display": "0"}, "missing_lines": [26, 27, 28, 30, 31, 32, 34, 35, 36, 37, 38, 39, 40, 41, 42, 43, 55, 56, 57, 59], "excluded_lines": [], "start_line": 24}, "lifespan": {"executed_lines": [64, 66, 68, 69, 72, 73, 75, 76, 81, 82, 84, 85, 86, 91, 92, 93, 94, 96, 97, 98, 99, 103, 106, 107, 108, 109, 110, 112], "summary": {"covered_lines": 28, "num_statements": 34, "percent_covered": 82.3529411764706, "percent_covered_display": "82", "missing_lines": 6, "excluded_lines": 0, "percent_statements_covered": 82.3529411764706, "percent_statements_covered_display": "82"}, "missing_lines": [77, 78, 87, 88, 100, 101], "excluded_lines": [], "start_line": 63}, "create_app": {"executed_lines": [116, 123, 124, 132, 133, 134, 135, 138, 139, 140, 141, 142, 144, 145, 153, 154, 157], "summary": {"covered_lines": 17, "num_statements": 17, "percent_covered": 100.0, "percent_covered_display": "100", "missing_lines": 0, "excluded_lines": 0, "percent_statements_covered": 100.0, "percent_statements_covered_display": "100"}, "missing_lines": [], "excluded_lines": [], "start_line": 115}, "create_app.create_api_key": {"executed_lines": [146, 147, 148, 150, 151], "summary": {"covered_lines": 5, "num_statements": 6, "percent_covered": 83.33333333333333, "percent_covered_display": "83", "missing_lines": 1, "excluded_lines": 0, "percent_statements_covered": 83.33333333333333, "percent_statements_covered_display": "83"}, "missing_lines": [149], "excluded_lines": [], "start_line": 145}, "create_app.list_api_keys": {"executed_lines": [155], "summary": {"covered_lines": 1, "num_statements": 1, "percent_covered": 100.0, "percent_covered_display": "100", "missing_lines": 0, "excluded_lines": 0, "percent_statements_covered": 100.0, "percent_statements_covered_display": "100"}, "missing_lines": [], "excluded_lines": [], "start_line": 154}, "": {"executed_lines": [1, 3, 4, 5, 6, 8, 9, 11, 12, 14, 15, 19, 21, 24, 62, 63, 115, 160], "summary": {"covered_lines": 18, "num_statements": 20, "percent_covered": 90.0, "percent_covered_display": "90", "missing_lines": 2, "excluded_lines": 0, "percent_statements_covered": 90.0, "percent_statements_covered_display": "90"}, "missing_lines": [16, 17], "excluded_lines": [], "start_line": 1}}, "classes": {"": {"executed_lines": [1, 3, 4, 5, 6, 8, 9, 11, 12, 14, 15, 19, 21, 24, 62, 63, 64, 66, 68, 69, 72, 73, 75, 76, 81, 82, 84, 85, 86, 91, 92, 93, 94, 96, 97, 98, 99, 103, 106, 107, 108, 109, 110, 112, 115, 116, 123, 124, 132, 133, 134, 135, 138, 139, 140, 141, 142, 144, 145, 146, 147, 148, 150, 151, 153, 154, 155, 157, 160], "summary": {"covered_lines": 69, "num_statements": 98, "percent_covered": 70.40816326530613, "percent_covered_display": "70", "missing_lines": 29, "excluded_lines": 0, "percent_statements_covered": 70.40816326530613, "percent_statements_covered_display": "70"}, "missing_lines": [16, 17, 26, 27, 28, 30, 31, 32, 34, 35, 36, 37, 38, 39, 40, 41, 42, 43, 55, 56, 57, 59, 77, 78, 87, 88, 100, 101, 149], "excluded_lines": [], "start_line": 1}}}, "fusion_security/api/auth.py": {"executed_lines": [3, 5, 6, 7, 8, 9, 10, 11, 12, 14, 15, 17, 19, 21, 24, 25, 26, 27, 28, 29, 30, 31, 32, 34, 35, 38, 39, 40, 41, 44, 63, 64, 67, 69, 70, 72, 74, 75, 76, 77, 79, 81, 82, 83, 84, 86, 89, 91, 93, 94, 95, 96, 97, 98, 99, 100, 101, 102, 103, 104, 106, 114, 115, 116, 122, 124, 125, 126, 127, 129, 130, 131, 132, 133, 134, 135, 137, 139, 140, 141, 142, 143, 144, 146, 160, 162, 163, 164, 165, 166, 167, 169, 170, 172, 173, 174, 175, 176, 177, 178, 179, 185, 187, 188, 190, 191, 192, 193, 194, 195, 208, 210, 212, 213, 214, 215, 216, 222, 225, 226, 227, 228, 229, 230, 234, 235, 236, 237, 238, 240], "summary": {"covered_lines": 130, "num_statements": 147, "percent_covered": 88.43537414965986, "percent_covered_display": "88", "missing_lines": 17, "excluded_lines": 0, "percent_statements_covered": 88.43537414965986, "percent_statements_covered_display": "88"}, "missing_lines": [117, 118, 119, 120, 136, 155, 156, 157, 158, 180, 181, 182, 183, 217, 218, 219, 231], "excluded_lines": [], "functions": {"APIKey.is_expired": {"executed_lines": [35], "summary": {"covered_lines": 1, "num_statements": 1, "percent_covered": 100.0, "percent_covered_display": "100", "missing_lines": 0, "excluded_lines": 0, "percent_statements_covered": 100.0, "percent_statements_covered_display": "100"}, "missing_lines": [], "excluded_lines": [], "start_line": 34}, "_hash_key": {"executed_lines": [64], "summary": {"covered_lines": 1, "num_statements": 1, "percent_covered": 100.0, "percent_covered_display": "100", "missing_lines": 0, "excluded_lines": 0, "percent_statements_covered": 100.0, "percent_statements_covered_display": "100"}, "missing_lines": [], "excluded_lines": [], "start_line": 63}, "AuthManager.__init__": {"executed_lines": [70, 72], "summary": {"covered_lines": 2, "num_statements": 2, "percent_covered": 100.0, "percent_covered_display": "100", "missing_lines": 0, "excluded_lines": 0, "percent_statements_covered": 100.0, "percent_statements_covered_display": "100"}, "missing_lines": [], "excluded_lines": [], "start_line": 69}, "AuthManager._get_session": {"executed_lines": [75, 76, 77, 79], "summary": {"covered_lines": 4, "num_statements": 4, "percent_covered": 100.0, "percent_covered_display": "100", "missing_lines": 0, "excluded_lines": 0, "percent_statements_covered": 100.0, "percent_statements_covered_display": "100"}, "missing_lines": [], "excluded_lines": [], "start_line": 74}, "AuthManager.create_api_key": {"executed_lines": [82, 83, 84], "summary": {"covered_lines": 3, "num_statements": 3, "percent_covered": 100.0, "percent_covered_display": "100", "missing_lines": 0, "excluded_lines": 0, "percent_statements_covered": 100.0, "percent_statements_covered_display": "100"}, "missing_lines": [], "excluded_lines": [], "start_line": 81}, "AuthManager.create_api_key_from_raw": {"executed_lines": [89, 91, 93, 94, 95, 96, 97, 98, 99, 100, 101, 102, 103, 104, 106, 114, 115, 116, 122], "summary": {"covered_lines": 19, "num_statements": 23, "percent_covered": 82.6086956521739, "percent_covered_display": "83", "missing_lines": 4, "excluded_lines": 0, "percent_statements_covered": 82.6086956521739, "percent_statements_covered_display": "83"}, "missing_lines": [117, 118, 119, 120], "excluded_lines": [], "start_line": 86}, "AuthManager.validate_key": {"executed_lines": [125, 126, 127, 129, 130, 131, 132, 133, 134, 135, 137, 139, 140, 141, 142, 143, 144, 146, 160], "summary": {"covered_lines": 19, "num_statements": 24, "percent_covered": 79.16666666666667, "percent_covered_display": "79", "missing_lines": 5, "excluded_lines": 0, "percent_statements_covered": 79.16666666666667, "percent_statements_covered_display": "79"}, "missing_lines": [136, 155, 156, 157, 158], "excluded_lines": [], "start_line": 124}, "AuthManager.has_permission": {"executed_lines": [163, 164, 165, 166, 167], "summary": {"covered_lines": 5, "num_statements": 5, "percent_covered": 100.0, "percent_covered_display": "100", "missing_lines": 0, "excluded_lines": 0, "percent_statements_covered": 100.0, "percent_statements_covered_display": "100"}, "missing_lines": [], "excluded_lines": [], "start_line": 162}, "AuthManager.revoke_key": {"executed_lines": [170, 172, 173, 174, 175, 176, 177, 178, 179, 185], "summary": {"covered_lines": 10, "num_statements": 14, "percent_covered": 71.42857142857143, "percent_covered_display": "71", "missing_lines": 4, "excluded_lines": 0, "percent_statements_covered": 71.42857142857143, "percent_statements_covered_display": "71"}, "missing_lines": [180, 181, 182, 183], "excluded_lines": [], "start_line": 169}, "AuthManager.list_keys": {"executed_lines": [188, 190, 191, 192, 193, 194, 195, 208], "summary": {"covered_lines": 8, "num_statements": 8, "percent_covered": 100.0, "percent_covered_display": "100", "missing_lines": 0, "excluded_lines": 0, "percent_statements_covered": 100.0, "percent_statements_covered_display": "100"}, "missing_lines": [], "excluded_lines": [], "start_line": 187}, "AuthManager.ensure_master_key": {"executed_lines": [212, 213, 214, 215, 216], "summary": {"covered_lines": 5, "num_statements": 8, "percent_covered": 62.5, "percent_covered_display": "62", "missing_lines": 3, "excluded_lines": 0, "percent_statements_covered": 62.5, "percent_statements_covered_display": "62"}, "missing_lines": [217, 218, 219], "excluded_lines": [], "start_line": 210}, "get_current_key": {"executed_lines": [226, 227, 228, 229, 230], "summary": {"covered_lines": 5, "num_statements": 6, "percent_covered": 83.33333333333333, "percent_covered_display": "83", "missing_lines": 1, "excluded_lines": 0, "percent_statements_covered": 83.33333333333333, "percent_statements_covered_display": "83"}, "missing_lines": [231], "excluded_lines": [], "start_line": 225}, "require_permission": {"executed_lines": [235, 240], "summary": {"covered_lines": 2, "num_statements": 2, "percent_covered": 100.0, "percent_covered_display": "100", "missing_lines": 0, "excluded_lines": 0, "percent_statements_covered": 100.0, "percent_statements_covered_display": "100"}, "missing_lines": [], "excluded_lines": [], "start_line": 234}, "require_permission._check": {"executed_lines": [236, 237, 238], "summary": {"covered_lines": 3, "num_statements": 3, "percent_covered": 100.0, "percent_covered_display": "100", "missing_lines": 0, "excluded_lines": 0, "percent_statements_covered": 100.0, "percent_statements_covered_display": "100"}, "missing_lines": [], "excluded_lines": [], "start_line": 235}, "": {"executed_lines": [3, 5, 6, 7, 8, 9, 10, 11, 12, 14, 15, 17, 19, 21, 24, 25, 26, 27, 28, 29, 30, 31, 32, 34, 38, 39, 40, 41, 44, 63, 67, 69, 74, 81, 86, 124, 162, 169, 187, 210, 222, 225, 234], "summary": {"covered_lines": 43, "num_statements": 43, "percent_covered": 100.0, "percent_covered_display": "100", "missing_lines": 0, "excluded_lines": 0, "percent_statements_covered": 100.0, "percent_statements_covered_display": "100"}, "missing_lines": [], "excluded_lines": [], "start_line": 1}}, "classes": {"APIKey": {"executed_lines": [35], "summary": {"covered_lines": 1, "num_statements": 1, "percent_covered": 100.0, "percent_covered_display": "100", "missing_lines": 0, "excluded_lines": 0, "percent_statements_covered": 100.0, "percent_statements_covered_display": "100"}, "missing_lines": [], "excluded_lines": [], "start_line": 25}, "Role": {"executed_lines": [], "summary": {"covered_lines": 0, "num_statements": 0, "percent_covered": 100.0, "percent_covered_display": "100", "missing_lines": 0, "excluded_lines": 0, "percent_statements_covered": 100.0, "percent_statements_covered_display": "100"}, "missing_lines": [], "excluded_lines": [], "start_line": 39}, "AuthManager": {"executed_lines": [70, 72, 75, 76, 77, 79, 82, 83, 84, 89, 91, 93, 94, 95, 96, 97, 98, 99, 100, 101, 102, 103, 104, 106, 114, 115, 116, 122, 125, 126, 127, 129, 130, 131, 132, 133, 134, 135, 137, 139, 140, 141, 142, 143, 144, 146, 160, 163, 164, 165, 166, 167, 170, 172, 173, 174, 175, 176, 177, 178, 179, 185, 188, 190, 191, 192, 193, 194, 195, 208, 212, 213, 214, 215, 216], "summary": {"covered_lines": 75, "num_statements": 91, "percent_covered": 82.41758241758242, "percent_covered_display": "82", "missing_lines": 16, "excluded_lines": 0, "percent_statements_covered": 82.41758241758242, "percent_statements_covered_display": "82"}, "missing_lines": [117, 118, 119, 120, 136, 155, 156, 157, 158, 180, 181, 182, 183, 217, 218, 219], "excluded_lines": [], "start_line": 67}, "": {"executed_lines": [3, 5, 6, 7, 8, 9, 10, 11, 12, 14, 15, 17, 19, 21, 24, 25, 26, 27, 28, 29, 30, 31, 32, 34, 38, 39, 40, 41, 44, 63, 64, 67, 69, 74, 81, 86, 124, 162, 169, 187, 210, 222, 225, 226, 227, 228, 229, 230, 234, 235, 236, 237, 238, 240], "summary": {"covered_lines": 54, "num_statements": 55, "percent_covered": 98.18181818181819, "percent_covered_display": "98", "missing_lines": 1, "excluded_lines": 0, "percent_statements_covered": 98.18181818181819, "percent_statements_covered_display": "98"}, "missing_lines": [231], "excluded_lines": [], "start_line": 1}}}, "fusion_security/api/routes/__init__.py": {"executed_lines": [], "summary": {"covered_lines": 0, "num_statements": 0, "percent_covered": 100.0, "percent_covered_display": "100", "missing_lines": 0, "excluded_lines": 0, "percent_statements_covered": 100.0, "percent_statements_covered_display": "100"}, "missing_lines": [], "excluded_lines": [], "functions": {"": {"executed_lines": [], "summary": {"covered_lines": 0, "num_statements": 0, "percent_covered": 100.0, "percent_covered_display": "100", "missing_lines": 0, "excluded_lines": 0, "percent_statements_covered": 100.0, "percent_statements_covered_display": "100"}, "missing_lines": [], "excluded_lines": [], "start_line": 1}}, "classes": {"": {"executed_lines": [], "summary": {"covered_lines": 0, "num_statements": 0, "percent_covered": 100.0, "percent_covered_display": "100", "missing_lines": 0, "excluded_lines": 0, "percent_statements_covered": 100.0, "percent_statements_covered_display": "100"}, "missing_lines": [], "excluded_lines": [], "start_line": 1}}}, "fusion_security/api/routes/integrations.py": {"executed_lines": [3, 5, 6, 8, 9, 11, 12, 13, 14, 15, 16, 18, 20, 22, 23, 24, 27, 28, 29, 30, 32, 33, 34, 47, 48, 51, 52, 55, 56, 57, 60, 61, 62, 63, 65, 66, 67, 80, 83, 84, 87, 95, 96, 99, 100, 101, 104, 105, 106, 107, 108, 111, 112, 113, 114, 122, 123, 124, 125, 126, 129, 130, 131, 132, 138, 140, 142, 151, 152, 154, 155, 159, 160, 162, 163, 164, 166, 167, 169, 170, 171, 172, 173, 174, 181, 182, 183, 184, 185, 187, 190, 191, 192, 193, 195, 196, 197, 198, 200, 203, 204, 205, 206, 208, 209, 210, 211, 212, 213, 215, 218, 219, 220, 221, 224, 225, 226, 228, 229, 231, 232, 233, 234, 236, 239, 241, 242, 243, 244, 245, 247, 250, 251, 252, 253, 255, 256, 257, 258, 259, 260, 261, 262, 264, 269, 272, 274, 275, 277, 278, 281, 282, 283, 284, 285, 288, 289, 290, 291, 292, 293, 296, 297, 298, 300, 306, 307, 310, 311, 312, 314, 321, 322, 325, 326, 327, 328, 329, 330, 331, 332, 333, 336, 337, 338, 339, 340, 341, 351, 356, 358, 361, 362, 363, 364, 365, 366, 367, 370, 371, 374, 375, 377, 379, 387, 388, 389, 392, 393, 395, 396, 429, 430, 432, 433, 434, 435, 436, 437], "summary": {"covered_lines": 219, "num_statements": 246, "percent_covered": 89.02439024390245, "percent_covered_display": "89", "missing_lines": 27, "excluded_lines": 0, "percent_statements_covered": 89.02439024390245, "percent_statements_covered_display": "89"}, "missing_lines": [156, 235, 237, 238, 240, 378, 397, 399, 400, 401, 404, 405, 406, 407, 408, 409, 410, 411, 412, 414, 415, 416, 417, 418, 419, 424, 426], "excluded_lines": [], "functions": {"evaluate_gate": {"executed_lines": [29, 30, 32, 33, 34, 47, 48], "summary": {"covered_lines": 7, "num_statements": 7, "percent_covered": 100.0, "percent_covered_display": "100", "missing_lines": 0, "excluded_lines": 0, "percent_statements_covered": 100.0, "percent_statements_covered_display": "100"}, "missing_lines": [], "excluded_lines": [], "start_line": 28}, "calculate_cvss": {"executed_lines": [55, 56, 57], "summary": {"covered_lines": 3, "num_statements": 3, "percent_covered": 100.0, "percent_covered_display": "100", "missing_lines": 0, "excluded_lines": 0, "percent_statements_covered": 100.0, "percent_statements_covered_display": "100"}, "missing_lines": [], "excluded_lines": [], "start_line": 52}, "map_compliance": {"executed_lines": [62, 63, 65, 66, 67, 80], "summary": {"covered_lines": 6, "num_statements": 6, "percent_covered": 100.0, "percent_covered_display": "100", "missing_lines": 0, "excluded_lines": 0, "percent_statements_covered": 100.0, "percent_statements_covered_display": "100"}, "missing_lines": [], "excluded_lines": [], "start_line": 61}, "add_feedback": {"executed_lines": [87, 95, 96], "summary": {"covered_lines": 3, "num_statements": 3, "percent_covered": 100.0, "percent_covered_display": "100", "missing_lines": 0, "excluded_lines": 0, "percent_statements_covered": 100.0, "percent_statements_covered_display": "100"}, "missing_lines": [], "excluded_lines": [], "start_line": 84}, "feedback_stats": {"executed_lines": [101], "summary": {"covered_lines": 1, "num_statements": 1, "percent_covered": 100.0, "percent_covered_display": "100", "missing_lines": 0, "excluded_lines": 0, "percent_statements_covered": 100.0, "percent_statements_covered_display": "100"}, "missing_lines": [], "excluded_lines": [], "start_line": 100}, "create_custom_rule": {"executed_lines": [106, 107, 108], "summary": {"covered_lines": 3, "num_statements": 3, "percent_covered": 100.0, "percent_covered_display": "100", "missing_lines": 0, "excluded_lines": 0, "percent_statements_covered": 100.0, "percent_statements_covered_display": "100"}, "missing_lines": [], "excluded_lines": [], "start_line": 105}, "list_custom_rules": {"executed_lines": [113, 114], "summary": {"covered_lines": 2, "num_statements": 2, "percent_covered": 100.0, "percent_covered_display": "100", "missing_lines": 0, "excluded_lines": 0, "percent_statements_covered": 100.0, "percent_statements_covered_display": "100"}, "missing_lines": [], "excluded_lines": [], "start_line": 112}, "delete_custom_rule": {"executed_lines": [124, 125, 126], "summary": {"covered_lines": 3, "num_statements": 3, "percent_covered": 100.0, "percent_covered_display": "100", "missing_lines": 0, "excluded_lines": 0, "percent_statements_covered": 100.0, "percent_statements_covered_display": "100"}, "missing_lines": [], "excluded_lines": [], "start_line": 123}, "dashboard_stats": {"executed_lines": [131, 132], "summary": {"covered_lines": 2, "num_statements": 2, "percent_covered": 100.0, "percent_covered_display": "100", "missing_lines": 0, "excluded_lines": 0, "percent_statements_covered": 100.0, "percent_statements_covered_display": "100"}, "missing_lines": [], "excluded_lines": [], "start_line": 130}, "_webhook_orm_to_dict": {"executed_lines": [140, 142], "summary": {"covered_lines": 2, "num_statements": 2, "percent_covered": 100.0, "percent_covered_display": "100", "missing_lines": 0, "excluded_lines": 0, "percent_statements_covered": 100.0, "percent_statements_covered_display": "100"}, "missing_lines": [], "excluded_lines": [], "start_line": 138}, "_validate_outbound": {"executed_lines": [152, 154, 155], "summary": {"covered_lines": 3, "num_statements": 4, "percent_covered": 75.0, "percent_covered_display": "75", "missing_lines": 1, "excluded_lines": 0, "percent_statements_covered": 75.0, "percent_statements_covered_display": "75"}, "missing_lines": [156], "excluded_lines": [], "start_line": 151}, "create_webhook": {"executed_lines": [162, 163, 164, 166, 167, 169, 170, 171, 172, 173, 174, 181, 182, 183, 184, 185, 187], "summary": {"covered_lines": 17, "num_statements": 17, "percent_covered": 100.0, "percent_covered_display": "100", "missing_lines": 0, "excluded_lines": 0, "percent_statements_covered": 100.0, "percent_statements_covered_display": "100"}, "missing_lines": [], "excluded_lines": [], "start_line": 160}, "list_webhooks": {"executed_lines": [192, 193, 195, 196, 197, 198, 200], "summary": {"covered_lines": 7, "num_statements": 7, "percent_covered": 100.0, "percent_covered_display": "100", "missing_lines": 0, "excluded_lines": 0, "percent_statements_covered": 100.0, "percent_statements_covered_display": "100"}, "missing_lines": [], "excluded_lines": [], "start_line": 191}, "get_webhook": {"executed_lines": [205, 206, 208, 209, 210, 211, 212, 213, 215], "summary": {"covered_lines": 9, "num_statements": 9, "percent_covered": 100.0, "percent_covered_display": "100", "missing_lines": 0, "excluded_lines": 0, "percent_statements_covered": 100.0, "percent_statements_covered_display": "100"}, "missing_lines": [], "excluded_lines": [], "start_line": 204}, "update_webhook": {"executed_lines": [226, 228, 229, 231, 232, 233, 234, 236, 239, 241, 242, 243, 244, 245, 247], "summary": {"covered_lines": 15, "num_statements": 19, "percent_covered": 78.94736842105263, "percent_covered_display": "79", "missing_lines": 4, "excluded_lines": 0, "percent_statements_covered": 78.94736842105263, "percent_statements_covered_display": "79"}, "missing_lines": [235, 237, 238, 240], "excluded_lines": [], "start_line": 225}, "delete_webhook": {"executed_lines": [252, 253, 255, 256, 257, 258, 259, 260, 261, 262, 264], "summary": {"covered_lines": 11, "num_statements": 11, "percent_covered": 100.0, "percent_covered_display": "100", "missing_lines": 0, "excluded_lines": 0, "percent_statements_covered": 100.0, "percent_statements_covered_display": "100"}, "missing_lines": [], "excluded_lines": [], "start_line": 251}, "_get_dispatcher": {"executed_lines": [274, 275, 277, 278], "summary": {"covered_lines": 4, "num_statements": 4, "percent_covered": 100.0, "percent_covered_display": "100", "missing_lines": 0, "excluded_lines": 0, "percent_statements_covered": 100.0, "percent_statements_covered_display": "100"}, "missing_lines": [], "excluded_lines": [], "start_line": 272}, "add_feishu_notifier": {"executed_lines": [298, 300, 306, 307], "summary": {"covered_lines": 4, "num_statements": 4, "percent_covered": 100.0, "percent_covered_display": "100", "missing_lines": 0, "excluded_lines": 0, "percent_statements_covered": 100.0, "percent_statements_covered_display": "100"}, "missing_lines": [], "excluded_lines": [], "start_line": 297}, "add_dingtalk_notifier": {"executed_lines": [312, 314, 321, 322], "summary": {"covered_lines": 4, "num_statements": 4, "percent_covered": 100.0, "percent_covered_display": "100", "missing_lines": 0, "excluded_lines": 0, "percent_statements_covered": 100.0, "percent_statements_covered_display": "100"}, "missing_lines": [], "excluded_lines": [], "start_line": 311}, "send_notification": {"executed_lines": [338, 339, 340, 341, 351], "summary": {"covered_lines": 5, "num_statements": 5, "percent_covered": 100.0, "percent_covered_display": "100", "missing_lines": 0, "excluded_lines": 0, "percent_statements_covered": 100.0, "percent_statements_covered_display": "100"}, "missing_lines": [], "excluded_lines": [], "start_line": 337}, "configure_jira": {"executed_lines": [377, 379, 387, 388, 389], "summary": {"covered_lines": 5, "num_statements": 6, "percent_covered": 83.33333333333333, "percent_covered_display": "83", "missing_lines": 1, "excluded_lines": 0, "percent_statements_covered": 83.33333333333333, "percent_statements_covered_display": "83"}, "missing_lines": [378], "excluded_lines": [], "start_line": 375}, "sync_to_jira": {"executed_lines": [395, 396], "summary": {"covered_lines": 2, "num_statements": 8, "percent_covered": 25.0, "percent_covered_display": "25", "missing_lines": 6, "excluded_lines": 0, "percent_statements_covered": 25.0, "percent_statements_covered_display": "25"}, "missing_lines": [397, 399, 400, 401, 404, 426], "excluded_lines": [], "start_line": 393}, "sync_to_jira._do_sync": {"executed_lines": [], "summary": {"covered_lines": 0, "num_statements": 15, "percent_covered": 0.0, "percent_covered_display": "0", "missing_lines": 15, "excluded_lines": 0, "percent_statements_covered": 0.0, "percent_statements_covered_display": "0"}, "missing_lines": [405, 406, 407, 408, 409, 410, 411, 412, 414, 415, 416, 417, 418, 419, 424], "excluded_lines": [], "start_line": 404}, "get_jira_issue": {"executed_lines": [432, 433, 434, 435, 436, 437], "summary": {"covered_lines": 6, "num_statements": 6, "percent_covered": 100.0, "percent_covered_display": "100", "missing_lines": 0, "excluded_lines": 0, "percent_statements_covered": 100.0, "percent_statements_covered_display": "100"}, "missing_lines": [], "excluded_lines": [], "start_line": 430}, "": {"executed_lines": [3, 5, 6, 8, 9, 11, 12, 13, 14, 15, 16, 18, 20, 22, 23, 24, 27, 28, 51, 52, 60, 61, 83, 84, 99, 100, 104, 105, 111, 112, 122, 123, 129, 130, 138, 151, 159, 160, 190, 191, 203, 204, 218, 219, 220, 221, 224, 225, 250, 251, 269, 272, 281, 282, 283, 284, 285, 288, 289, 290, 291, 292, 293, 296, 297, 310, 311, 325, 326, 327, 328, 329, 330, 331, 332, 333, 336, 337, 356, 358, 361, 362, 363, 364, 365, 366, 367, 370, 371, 374, 375, 392, 393, 429, 430], "summary": {"covered_lines": 95, "num_statements": 95, "percent_covered": 100.0, "percent_covered_display": "100", "missing_lines": 0, "excluded_lines": 0, "percent_statements_covered": 100.0, "percent_statements_covered_display": "100"}, "missing_lines": [], "excluded_lines": [], "start_line": 1}}, "classes": {"WebhookUpdate": {"executed_lines": [], "summary": {"covered_lines": 0, "num_statements": 0, "percent_covered": 100.0, "percent_covered_display": "100", "missing_lines": 0, "excluded_lines": 0, "percent_statements_covered": 100.0, "percent_statements_covered_display": "100"}, "missing_lines": [], "excluded_lines": [], "start_line": 218}, "FeishuConfigModel": {"executed_lines": [], "summary": {"covered_lines": 0, "num_statements": 0, "percent_covered": 100.0, "percent_covered_display": "100", "missing_lines": 0, "excluded_lines": 0, "percent_statements_covered": 100.0, "percent_statements_covered_display": "100"}, "missing_lines": [], "excluded_lines": [], "start_line": 281}, "DingTalkConfigModel": {"executed_lines": [], "summary": {"covered_lines": 0, "num_statements": 0, "percent_covered": 100.0, "percent_covered_display": "100", "missing_lines": 0, "excluded_lines": 0, "percent_statements_covered": 100.0, "percent_statements_covered_display": "100"}, "missing_lines": [], "excluded_lines": [], "start_line": 288}, "NotifyRequest": {"executed_lines": [], "summary": {"covered_lines": 0, "num_statements": 0, "percent_covered": 100.0, "percent_covered_display": "100", "missing_lines": 0, "excluded_lines": 0, "percent_statements_covered": 100.0, "percent_statements_covered_display": "100"}, "missing_lines": [], "excluded_lines": [], "start_line": 325}, "JiraConfigModel": {"executed_lines": [], "summary": {"covered_lines": 0, "num_statements": 0, "percent_covered": 100.0, "percent_covered_display": "100", "missing_lines": 0, "excluded_lines": 0, "percent_statements_covered": 100.0, "percent_statements_covered_display": "100"}, "missing_lines": [], "excluded_lines": [], "start_line": 361}, "JiraIssueCreate": {"executed_lines": [], "summary": {"covered_lines": 0, "num_statements": 0, "percent_covered": 100.0, "percent_covered_display": "100", "missing_lines": 0, "excluded_lines": 0, "percent_statements_covered": 100.0, "percent_statements_covered_display": "100"}, "missing_lines": [], "excluded_lines": [], "start_line": 370}, "": {"executed_lines": [3, 5, 6, 8, 9, 11, 12, 13, 14, 15, 16, 18, 20, 22, 23, 24, 27, 28, 29, 30, 32, 33, 34, 47, 48, 51, 52, 55, 56, 57, 60, 61, 62, 63, 65, 66, 67, 80, 83, 84, 87, 95, 96, 99, 100, 101, 104, 105, 106, 107, 108, 111, 112, 113, 114, 122, 123, 124, 125, 126, 129, 130, 131, 132, 138, 140, 142, 151, 152, 154, 155, 159, 160, 162, 163, 164, 166, 167, 169, 170, 171, 172, 173, 174, 181, 182, 183, 184, 185, 187, 190, 191, 192, 193, 195, 196, 197, 198, 200, 203, 204, 205, 206, 208, 209, 210, 211, 212, 213, 215, 218, 219, 220, 221, 224, 225, 226, 228, 229, 231, 232, 233, 234, 236, 239, 241, 242, 243, 244, 245, 247, 250, 251, 252, 253, 255, 256, 257, 258, 259, 260, 261, 262, 264, 269, 272, 274, 275, 277, 278, 281, 282, 283, 284, 285, 288, 289, 290, 291, 292, 293, 296, 297, 298, 300, 306, 307, 310, 311, 312, 314, 321, 322, 325, 326, 327, 328, 329, 330, 331, 332, 333, 336, 337, 338, 339, 340, 341, 351, 356, 358, 361, 362, 363, 364, 365, 366, 367, 370, 371, 374, 375, 377, 379, 387, 388, 389, 392, 393, 395, 396, 429, 430, 432, 433, 434, 435, 436, 437], "summary": {"covered_lines": 219, "num_statements": 246, "percent_covered": 89.02439024390245, "percent_covered_display": "89", "missing_lines": 27, "excluded_lines": 0, "percent_statements_covered": 89.02439024390245, "percent_statements_covered_display": "89"}, "missing_lines": [156, 235, 237, 238, 240, 378, 397, 399, 400, 401, 404, 405, 406, 407, 408, 409, 410, 411, 412, 414, 415, 416, 417, 418, 419, 424, 426], "excluded_lines": [], "start_line": 1}}}, "fusion_security/api/routes/patches.py": {"executed_lines": [1, 3, 5, 6, 7, 9, 10, 11, 13, 14, 17, 18, 19, 20, 21, 22, 23, 24, 25, 26, 27, 28, 31, 32, 33, 34, 37, 38, 53, 54, 60, 61, 62, 63, 64, 65, 66, 67, 70, 71, 72, 73, 74, 75, 78, 79, 80, 81, 82, 83, 84, 85, 86, 87, 89, 90, 91, 94, 95, 96, 97, 98, 99, 100, 101, 102, 103, 106, 107, 108, 111, 112, 113, 114, 115, 116, 117, 118, 119, 120, 121, 124, 125, 126, 127, 128, 130, 131, 133, 134, 135, 137, 143, 144, 150, 151, 152], "summary": {"covered_lines": 97, "num_statements": 106, "percent_covered": 91.50943396226415, "percent_covered_display": "92", "missing_lines": 9, "excluded_lines": 0, "percent_statements_covered": 91.50943396226415, "percent_statements_covered_display": "92"}, "missing_lines": [88, 138, 139, 140, 141, 145, 146, 147, 148], "excluded_lines": [], "functions": {"_patch_orm_to_response": {"executed_lines": [38], "summary": {"covered_lines": 1, "num_statements": 1, "percent_covered": 100.0, "percent_covered_display": "100", "missing_lines": 0, "excluded_lines": 0, "percent_statements_covered": 100.0, "percent_statements_covered_display": "100"}, "missing_lines": [], "excluded_lines": [], "start_line": 37}, "list_patches": {"executed_lines": [60, 61, 62, 63, 64, 65, 66, 67], "summary": {"covered_lines": 8, "num_statements": 8, "percent_covered": 100.0, "percent_covered_display": "100", "missing_lines": 0, "excluded_lines": 0, "percent_statements_covered": 100.0, "percent_statements_covered_display": "100"}, "missing_lines": [], "excluded_lines": [], "start_line": 54}, "get_patch": {"executed_lines": [72, 73, 74, 75], "summary": {"covered_lines": 4, "num_statements": 4, "percent_covered": 100.0, "percent_covered_display": "100", "missing_lines": 0, "excluded_lines": 0, "percent_statements_covered": 100.0, "percent_statements_covered_display": "100"}, "missing_lines": [], "excluded_lines": [], "start_line": 71}, "update_patch": {"executed_lines": [80, 81, 82, 83, 84, 85, 86, 87, 89, 90, 91], "summary": {"covered_lines": 11, "num_statements": 12, "percent_covered": 91.66666666666667, "percent_covered_display": "92", "missing_lines": 1, "excluded_lines": 0, "percent_statements_covered": 91.66666666666667, "percent_statements_covered_display": "92"}, "missing_lines": [88], "excluded_lines": [], "start_line": 79}, "apply_patch": {"executed_lines": [96, 97, 98, 99, 100, 101, 102, 103], "summary": {"covered_lines": 8, "num_statements": 8, "percent_covered": 100.0, "percent_covered_display": "100", "missing_lines": 0, "excluded_lines": 0, "percent_statements_covered": 100.0, "percent_statements_covered_display": "100"}, "missing_lines": [], "excluded_lines": [], "start_line": 95}, "verify_patch": {"executed_lines": [113, 114, 115, 116, 117, 118, 119, 120, 121], "summary": {"covered_lines": 9, "num_statements": 9, "percent_covered": 100.0, "percent_covered_display": "100", "missing_lines": 0, "excluded_lines": 0, "percent_statements_covered": 100.0, "percent_statements_covered_display": "100"}, "missing_lines": [], "excluded_lines": [], "start_line": 112}, "generate_patch": {"executed_lines": [126, 127, 128, 130, 131, 133, 134, 135, 137, 143, 144, 150, 151, 152], "summary": {"covered_lines": 14, "num_statements": 22, "percent_covered": 63.63636363636363, "percent_covered_display": "64", "missing_lines": 8, "excluded_lines": 0, "percent_statements_covered": 63.63636363636363, "percent_statements_covered_display": "64"}, "missing_lines": [138, 139, 140, 141, 145, 146, 147, 148], "excluded_lines": [], "start_line": 125}, "": {"executed_lines": [1, 3, 5, 6, 7, 9, 10, 11, 13, 14, 17, 18, 19, 20, 21, 22, 23, 24, 25, 26, 27, 28, 31, 32, 33, 34, 37, 53, 54, 70, 71, 78, 79, 94, 95, 106, 107, 108, 111, 112, 124, 125], "summary": {"covered_lines": 42, "num_statements": 42, "percent_covered": 100.0, "percent_covered_display": "100", "missing_lines": 0, "excluded_lines": 0, "percent_statements_covered": 100.0, "percent_statements_covered_display": "100"}, "missing_lines": [], "excluded_lines": [], "start_line": 1}}, "classes": {"PatchResponse": {"executed_lines": [], "summary": {"covered_lines": 0, "num_statements": 0, "percent_covered": 100.0, "percent_covered_display": "100", "missing_lines": 0, "excluded_lines": 0, "percent_statements_covered": 100.0, "percent_statements_covered_display": "100"}, "missing_lines": [], "excluded_lines": [], "start_line": 17}, "PatchUpdate": {"executed_lines": [], "summary": {"covered_lines": 0, "num_statements": 0, "percent_covered": 100.0, "percent_covered_display": "100", "missing_lines": 0, "excluded_lines": 0, "percent_statements_covered": 100.0, "percent_statements_covered_display": "100"}, "missing_lines": [], "excluded_lines": [], "start_line": 31}, "PatchVerifyRequest": {"executed_lines": [], "summary": {"covered_lines": 0, "num_statements": 0, "percent_covered": 100.0, "percent_covered_display": "100", "missing_lines": 0, "excluded_lines": 0, "percent_statements_covered": 100.0, "percent_statements_covered_display": "100"}, "missing_lines": [], "excluded_lines": [], "start_line": 106}, "": {"executed_lines": [1, 3, 5, 6, 7, 9, 10, 11, 13, 14, 17, 18, 19, 20, 21, 22, 23, 24, 25, 26, 27, 28, 31, 32, 33, 34, 37, 38, 53, 54, 60, 61, 62, 63, 64, 65, 66, 67, 70, 71, 72, 73, 74, 75, 78, 79, 80, 81, 82, 83, 84, 85, 86, 87, 89, 90, 91, 94, 95, 96, 97, 98, 99, 100, 101, 102, 103, 106, 107, 108, 111, 112, 113, 114, 115, 116, 117, 118, 119, 120, 121, 124, 125, 126, 127, 128, 130, 131, 133, 134, 135, 137, 143, 144, 150, 151, 152], "summary": {"covered_lines": 97, "num_statements": 106, "percent_covered": 91.50943396226415, "percent_covered_display": "92", "missing_lines": 9, "excluded_lines": 0, "percent_statements_covered": 91.50943396226415, "percent_statements_covered_display": "92"}, "missing_lines": [88, 138, 139, 140, 141, 145, 146, 147, 148], "excluded_lines": [], "start_line": 1}}}, "fusion_security/api/routes/projects.py": {"executed_lines": [1, 3, 5, 6, 7, 9, 10, 11, 12, 14, 15, 18, 19, 20, 21, 22, 23, 24, 27, 28, 29, 30, 31, 32, 33, 34, 35, 38, 39, 40, 41, 42, 43, 44, 45, 48, 49, 50, 58, 59, 60, 61, 62, 63, 75, 76, 77, 78, 79, 80, 81, 82, 83, 98, 99, 100, 102, 103, 104, 106, 114, 123, 124, 125, 139, 151, 157, 159, 167, 168, 177, 178, 179, 180, 181, 182, 194, 195, 196, 197, 198, 199, 200, 201, 203, 205, 207, 209, 211, 213, 214, 215, 216, 228, 229, 230, 231, 232, 233, 234, 235, 236], "summary": {"covered_lines": 102, "num_statements": 108, "percent_covered": 94.44444444444444, "percent_covered_display": "94", "missing_lines": 6, "excluded_lines": 0, "percent_statements_covered": 94.44444444444444, "percent_statements_covered_display": "94"}, "missing_lines": [202, 204, 206, 208, 210, 212], "excluded_lines": [], "functions": {"create_project": {"executed_lines": [50, 58, 59, 60, 61, 62, 63], "summary": {"covered_lines": 7, "num_statements": 7, "percent_covered": 100.0, "percent_covered_display": "100", "missing_lines": 0, "excluded_lines": 0, "percent_statements_covered": 100.0, "percent_statements_covered_display": "100"}, "missing_lines": [], "excluded_lines": [], "start_line": 49}, "list_projects": {"executed_lines": [77, 78, 79, 80, 81, 82, 83], "summary": {"covered_lines": 7, "num_statements": 7, "percent_covered": 100.0, "percent_covered_display": "100", "missing_lines": 0, "excluded_lines": 0, "percent_statements_covered": 100.0, "percent_statements_covered_display": "100"}, "missing_lines": [], "excluded_lines": [], "start_line": 76}, "project_scan_summary": {"executed_lines": [100, 102, 103, 104, 106, 114, 123, 124, 125, 139, 151, 157, 159, 167, 168], "summary": {"covered_lines": 15, "num_statements": 15, "percent_covered": 100.0, "percent_covered_display": "100", "missing_lines": 0, "excluded_lines": 0, "percent_statements_covered": 100.0, "percent_statements_covered_display": "100"}, "missing_lines": [], "excluded_lines": [], "start_line": 99}, "get_project": {"executed_lines": [179, 180, 181, 182], "summary": {"covered_lines": 4, "num_statements": 4, "percent_covered": 100.0, "percent_covered_display": "100", "missing_lines": 0, "excluded_lines": 0, "percent_statements_covered": 100.0, "percent_statements_covered_display": "100"}, "missing_lines": [], "excluded_lines": [], "start_line": 178}, "update_project": {"executed_lines": [196, 197, 198, 199, 200, 201, 203, 205, 207, 209, 211, 213, 214, 215, 216], "summary": {"covered_lines": 15, "num_statements": 21, "percent_covered": 71.42857142857143, "percent_covered_display": "71", "missing_lines": 6, "excluded_lines": 0, "percent_statements_covered": 71.42857142857143, "percent_statements_covered_display": "71"}, "missing_lines": [202, 204, 206, 208, 210, 212], "excluded_lines": [], "start_line": 195}, "delete_project": {"executed_lines": [230, 231, 232, 233, 234, 235, 236], "summary": {"covered_lines": 7, "num_statements": 7, "percent_covered": 100.0, "percent_covered_display": "100", "missing_lines": 0, "excluded_lines": 0, "percent_statements_covered": 100.0, "percent_statements_covered_display": "100"}, "missing_lines": [], "excluded_lines": [], "start_line": 229}, "": {"executed_lines": [1, 3, 5, 6, 7, 9, 10, 11, 12, 14, 15, 18, 19, 20, 21, 22, 23, 24, 27, 28, 29, 30, 31, 32, 33, 34, 35, 38, 39, 40, 41, 42, 43, 44, 45, 48, 49, 75, 76, 98, 99, 177, 178, 194, 195, 228, 229], "summary": {"covered_lines": 47, "num_statements": 47, "percent_covered": 100.0, "percent_covered_display": "100", "missing_lines": 0, "excluded_lines": 0, "percent_statements_covered": 100.0, "percent_statements_covered_display": "100"}, "missing_lines": [], "excluded_lines": [], "start_line": 1}}, "classes": {"ProjectCreate": {"executed_lines": [], "summary": {"covered_lines": 0, "num_statements": 0, "percent_covered": 100.0, "percent_covered_display": "100", "missing_lines": 0, "excluded_lines": 0, "percent_statements_covered": 100.0, "percent_statements_covered_display": "100"}, "missing_lines": [], "excluded_lines": [], "start_line": 18}, "ProjectResponse": {"executed_lines": [], "summary": {"covered_lines": 0, "num_statements": 0, "percent_covered": 100.0, "percent_covered_display": "100", "missing_lines": 0, "excluded_lines": 0, "percent_statements_covered": 100.0, "percent_statements_covered_display": "100"}, "missing_lines": [], "excluded_lines": [], "start_line": 27}, "ProjectUpdate": {"executed_lines": [], "summary": {"covered_lines": 0, "num_statements": 0, "percent_covered": 100.0, "percent_covered_display": "100", "missing_lines": 0, "excluded_lines": 0, "percent_statements_covered": 100.0, "percent_statements_covered_display": "100"}, "missing_lines": [], "excluded_lines": [], "start_line": 38}, "": {"executed_lines": [1, 3, 5, 6, 7, 9, 10, 11, 12, 14, 15, 18, 19, 20, 21, 22, 23, 24, 27, 28, 29, 30, 31, 32, 33, 34, 35, 38, 39, 40, 41, 42, 43, 44, 45, 48, 49, 50, 58, 59, 60, 61, 62, 63, 75, 76, 77, 78, 79, 80, 81, 82, 83, 98, 99, 100, 102, 103, 104, 106, 114, 123, 124, 125, 139, 151, 157, 159, 167, 168, 177, 178, 179, 180, 181, 182, 194, 195, 196, 197, 198, 199, 200, 201, 203, 205, 207, 209, 211, 213, 214, 215, 216, 228, 229, 230, 231, 232, 233, 234, 235, 236], "summary": {"covered_lines": 102, "num_statements": 108, "percent_covered": 94.44444444444444, "percent_covered_display": "94", "missing_lines": 6, "excluded_lines": 0, "percent_statements_covered": 94.44444444444444, "percent_statements_covered_display": "94"}, "missing_lines": [202, 204, 206, 208, 210, 212], "excluded_lines": [], "start_line": 1}}}, "fusion_security/api/routes/reports.py": {"executed_lines": [1, 3, 5, 6, 7, 8, 10, 11, 12, 13, 14, 16, 17, 20, 21, 22, 25, 26, 27, 28, 29, 31, 33, 34, 35, 36, 37, 38, 39, 40, 41, 42, 44, 45, 46, 51, 55, 57, 58, 59, 60, 61, 62, 64, 65, 68, 69, 70, 71, 72, 73, 74, 75, 80, 81], "summary": {"covered_lines": 55, "num_statements": 63, "percent_covered": 87.3015873015873, "percent_covered_display": "87", "missing_lines": 8, "excluded_lines": 0, "percent_statements_covered": 87.3015873015873, "percent_statements_covered_display": "87"}, "missing_lines": [47, 48, 49, 50, 76, 77, 78, 79], "excluded_lines": [], "functions": {"generate_report": {"executed_lines": [27, 28, 29, 31, 33, 34, 35, 36, 37, 38, 39, 40, 41, 42, 44, 45, 46, 51, 55, 57, 58, 59, 60, 61, 62, 64, 65], "summary": {"covered_lines": 27, "num_statements": 31, "percent_covered": 87.09677419354838, "percent_covered_display": "87", "missing_lines": 4, "excluded_lines": 0, "percent_statements_covered": 87.09677419354838, "percent_statements_covered_display": "87"}, "missing_lines": [47, 48, 49, 50], "excluded_lines": [], "start_line": 26}, "scan_sarif": {"executed_lines": [70, 71, 72, 73, 74, 75, 80, 81], "summary": {"covered_lines": 8, "num_statements": 12, "percent_covered": 66.66666666666667, "percent_covered_display": "67", "missing_lines": 4, "excluded_lines": 0, "percent_statements_covered": 66.66666666666667, "percent_statements_covered_display": "67"}, "missing_lines": [76, 77, 78, 79], "excluded_lines": [], "start_line": 69}, "": {"executed_lines": [1, 3, 5, 6, 7, 8, 10, 11, 12, 13, 14, 16, 17, 20, 21, 22, 25, 26, 68, 69], "summary": {"covered_lines": 20, "num_statements": 20, "percent_covered": 100.0, "percent_covered_display": "100", "missing_lines": 0, "excluded_lines": 0, "percent_statements_covered": 100.0, "percent_statements_covered_display": "100"}, "missing_lines": [], "excluded_lines": [], "start_line": 1}}, "classes": {"ReportRequest": {"executed_lines": [], "summary": {"covered_lines": 0, "num_statements": 0, "percent_covered": 100.0, "percent_covered_display": "100", "missing_lines": 0, "excluded_lines": 0, "percent_statements_covered": 100.0, "percent_statements_covered_display": "100"}, "missing_lines": [], "excluded_lines": [], "start_line": 20}, "": {"executed_lines": [1, 3, 5, 6, 7, 8, 10, 11, 12, 13, 14, 16, 17, 20, 21, 22, 25, 26, 27, 28, 29, 31, 33, 34, 35, 36, 37, 38, 39, 40, 41, 42, 44, 45, 46, 51, 55, 57, 58, 59, 60, 61, 62, 64, 65, 68, 69, 70, 71, 72, 73, 74, 75, 80, 81], "summary": {"covered_lines": 55, "num_statements": 63, "percent_covered": 87.3015873015873, "percent_covered_display": "87", "missing_lines": 8, "excluded_lines": 0, "percent_statements_covered": 87.3015873015873, "percent_statements_covered_display": "87"}, "missing_lines": [47, 48, 49, 50, 76, 77, 78, 79], "excluded_lines": [], "start_line": 1}}}, "fusion_security/api/routes/scans.py": {"executed_lines": [1, 3, 4, 6, 7, 8, 10, 11, 12, 13, 15, 16, 19, 20, 21, 22, 23, 24, 25, 26, 27, 28, 31, 32, 33, 34, 35, 36, 37, 38, 41, 42, 43, 44, 45, 46, 47, 48, 49, 50, 51, 52, 53, 54, 55, 56, 57, 58, 59, 60, 61, 64, 65, 89, 101, 103, 104, 106, 107, 108, 109, 110, 111, 112, 114, 119, 120, 125, 127, 128, 129, 130, 131, 132, 133, 134, 135, 138, 139, 140, 141, 143, 144, 149, 150, 151, 152, 153, 154, 155, 157, 158, 163, 164, 176, 179, 215, 216, 222, 224, 233, 234, 235, 236, 237, 238, 239, 241, 242, 254, 259, 262, 264, 265, 267, 268, 271, 274, 276, 277, 279, 280, 283, 284, 295, 296, 297, 298, 300, 301, 304, 305, 306, 307, 308, 309, 310, 311, 314, 315, 320, 321, 323, 331, 332, 333, 334, 335, 336, 337, 339, 340, 353, 354, 355, 356, 359, 360, 361, 362, 363, 364, 365, 366, 367, 368, 377, 378, 379, 380, 381, 396, 397, 399, 400, 401, 402, 403, 404, 405, 406, 408, 409, 410, 411, 416, 419, 420, 421, 422, 423, 426, 427, 428, 429, 430, 433, 436, 437, 438, 440, 441, 442, 443, 444, 445, 449, 451, 452, 453, 470, 473, 474, 477, 478, 479, 481, 482, 483, 497, 498, 499, 500, 503, 504, 510, 512, 513, 514, 515, 517, 518, 519, 520, 521, 522, 524, 526, 532, 535, 597, 598, 599, 600, 601, 602, 603, 604, 605, 608, 609, 610, 611, 612, 613, 616, 617, 618, 619, 620, 621, 622, 623, 626, 627, 633, 634, 636, 637, 638, 639, 641, 643, 652, 653, 654, 655, 656, 657, 658, 659, 660, 662, 663, 675, 676, 677, 679], "summary": {"covered_lines": 288, "num_statements": 376, "percent_covered": 76.59574468085107, "percent_covered_display": "77", "missing_lines": 88, "excluded_lines": 0, "percent_statements_covered": 76.59574468085107, "percent_statements_covered_display": "77"}, "missing_lines": [165, 166, 167, 168, 169, 170, 171, 172, 173, 174, 181, 183, 184, 186, 187, 188, 189, 190, 191, 192, 193, 194, 195, 196, 197, 199, 201, 212, 412, 413, 414, 415, 446, 447, 448, 455, 468, 469, 471, 523, 536, 538, 539, 541, 542, 543, 544, 545, 547, 548, 549, 552, 554, 555, 556, 558, 559, 560, 561, 562, 563, 564, 565, 566, 568, 569, 570, 571, 572, 574, 575, 576, 577, 578, 579, 581, 582, 583, 584, 585, 586, 587, 588, 589, 590, 591, 592, 594], "excluded_lines": [], "functions": {"_scan_orm_to_response": {"executed_lines": [65], "summary": {"covered_lines": 1, "num_statements": 1, "percent_covered": 100.0, "percent_covered_display": "100", "missing_lines": 0, "excluded_lines": 0, "percent_statements_covered": 100.0, "percent_statements_covered_display": "100"}, "missing_lines": [], "excluded_lines": [], "start_line": 64}, "_run_scan": {"executed_lines": [101, 103, 104, 106, 107, 108, 109, 110, 111, 112, 114, 119, 120, 125, 127, 128, 129, 130, 131, 132, 133, 134, 135, 138, 139, 140, 141, 143, 144, 149, 150, 151, 152, 153, 154, 155, 157, 158, 163, 164, 176], "summary": {"covered_lines": 41, "num_statements": 51, "percent_covered": 80.3921568627451, "percent_covered_display": "80", "missing_lines": 10, "excluded_lines": 0, "percent_statements_covered": 80.3921568627451, "percent_statements_covered_display": "80"}, "missing_lines": [165, 166, 167, 168, 169, 170, 171, 172, 173, 174], "excluded_lines": [], "start_line": 89}, "_notify_webhooks": {"executed_lines": [], "summary": {"covered_lines": 0, "num_statements": 18, "percent_covered": 0.0, "percent_covered_display": "0", "missing_lines": 18, "excluded_lines": 0, "percent_statements_covered": 0.0, "percent_statements_covered_display": "0"}, "missing_lines": [181, 183, 184, 186, 187, 188, 189, 190, 191, 192, 193, 194, 195, 196, 197, 199, 201, 212], "excluded_lines": [], "start_line": 179}, "create_scan": {"executed_lines": [222, 224, 233, 234, 235, 236, 237, 238, 239, 241, 242, 254], "summary": {"covered_lines": 12, "num_statements": 12, "percent_covered": 100.0, "percent_covered_display": "100", "missing_lines": 0, "excluded_lines": 0, "percent_statements_covered": 100.0, "percent_statements_covered_display": "100"}, "missing_lines": [], "excluded_lines": [], "start_line": 216}, "_get_queue": {"executed_lines": [264, 265, 267, 268], "summary": {"covered_lines": 4, "num_statements": 4, "percent_covered": 100.0, "percent_covered_display": "100", "missing_lines": 0, "excluded_lines": 0, "percent_statements_covered": 100.0, "percent_statements_covered_display": "100"}, "missing_lines": [], "excluded_lines": [], "start_line": 262}, "_get_pool": {"executed_lines": [276, 277, 279, 280], "summary": {"covered_lines": 4, "num_statements": 4, "percent_covered": 100.0, "percent_covered_display": "100", "missing_lines": 0, "excluded_lines": 0, "percent_statements_covered": 100.0, "percent_statements_covered_display": "100"}, "missing_lines": [], "excluded_lines": [], "start_line": 274}, "_scan_executor": {"executed_lines": [284, 295, 296, 297, 298, 300, 301], "summary": {"covered_lines": 7, "num_statements": 7, "percent_covered": 100.0, "percent_covered_display": "100", "missing_lines": 0, "excluded_lines": 0, "percent_statements_covered": 100.0, "percent_statements_covered_display": "100"}, "missing_lines": [], "excluded_lines": [], "start_line": 283}, "enqueue_scan": {"executed_lines": [320, 321, 323, 331, 332, 333, 334, 335, 336, 337, 339, 340, 353, 354, 355, 356], "summary": {"covered_lines": 16, "num_statements": 16, "percent_covered": 100.0, "percent_covered_display": "100", "missing_lines": 0, "excluded_lines": 0, "percent_statements_covered": 100.0, "percent_statements_covered_display": "100"}, "missing_lines": [], "excluded_lines": [], "start_line": 315}, "queue_status": {"executed_lines": [361, 362, 363, 364, 365, 366, 367, 368], "summary": {"covered_lines": 8, "num_statements": 8, "percent_covered": 100.0, "percent_covered_display": "100", "missing_lines": 0, "excluded_lines": 0, "percent_statements_covered": 100.0, "percent_statements_covered_display": "100"}, "missing_lines": [], "excluded_lines": [], "start_line": 360}, "list_queue_tasks": {"executed_lines": [379, 380, 381], "summary": {"covered_lines": 3, "num_statements": 3, "percent_covered": 100.0, "percent_covered_display": "100", "missing_lines": 0, "excluded_lines": 0, "percent_statements_covered": 100.0, "percent_statements_covered_display": "100"}, "missing_lines": [], "excluded_lines": [], "start_line": 378}, "cancel_queue_task": {"executed_lines": [399, 400, 401, 402, 403, 404, 405, 406, 408, 409, 410, 411, 416], "summary": {"covered_lines": 13, "num_statements": 17, "percent_covered": 76.47058823529412, "percent_covered_display": "76", "missing_lines": 4, "excluded_lines": 0, "percent_statements_covered": 76.47058823529412, "percent_statements_covered_display": "76"}, "missing_lines": [412, 413, 414, 415], "excluded_lines": [], "start_line": 397}, "start_pool": {"executed_lines": [421, 422, 423], "summary": {"covered_lines": 3, "num_statements": 3, "percent_covered": 100.0, "percent_covered_display": "100", "missing_lines": 0, "excluded_lines": 0, "percent_statements_covered": 100.0, "percent_statements_covered_display": "100"}, "missing_lines": [], "excluded_lines": [], "start_line": 420}, "stop_pool": {"executed_lines": [428, 429, 430], "summary": {"covered_lines": 3, "num_statements": 3, "percent_covered": 100.0, "percent_covered_display": "100", "missing_lines": 0, "excluded_lines": 0, "percent_statements_covered": 100.0, "percent_statements_covered_display": "100"}, "missing_lines": [], "excluded_lines": [], "start_line": 427}, "startup_reconcile_scans": {"executed_lines": [436, 437, 438, 440, 441, 442, 443, 444, 445, 449, 451, 452, 453, 470, 473, 474], "summary": {"covered_lines": 16, "num_statements": 23, "percent_covered": 69.56521739130434, "percent_covered_display": "70", "missing_lines": 7, "excluded_lines": 0, "percent_statements_covered": 69.56521739130434, "percent_statements_covered_display": "70"}, "missing_lines": [446, 447, 448, 455, 468, 469, 471], "excluded_lines": [], "start_line": 433}, "list_checkpoints": {"executed_lines": [479, 481, 482, 483], "summary": {"covered_lines": 4, "num_statements": 4, "percent_covered": 100.0, "percent_covered_display": "100", "missing_lines": 0, "excluded_lines": 0, "percent_statements_covered": 100.0, "percent_statements_covered_display": "100"}, "missing_lines": [], "excluded_lines": [], "start_line": 478}, "resume_scan": {"executed_lines": [510, 512, 513, 514, 515, 517, 518, 519, 520, 521, 522, 524, 526, 532], "summary": {"covered_lines": 14, "num_statements": 15, "percent_covered": 93.33333333333333, "percent_covered_display": "93", "missing_lines": 1, "excluded_lines": 0, "percent_statements_covered": 93.33333333333333, "percent_statements_covered_display": "93"}, "missing_lines": [523], "excluded_lines": [], "start_line": 504}, "_run_pipeline_resume": {"executed_lines": [], "summary": {"covered_lines": 0, "num_statements": 48, "percent_covered": 0.0, "percent_covered_display": "0", "missing_lines": 48, "excluded_lines": 0, "percent_statements_covered": 0.0, "percent_statements_covered_display": "0"}, "missing_lines": [536, 538, 539, 541, 542, 543, 544, 545, 547, 548, 549, 552, 554, 555, 556, 558, 559, 560, 561, 562, 563, 564, 565, 566, 568, 569, 570, 571, 572, 574, 575, 576, 577, 578, 579, 581, 582, 583, 584, 585, 586, 587, 588, 589, 590, 591, 592, 594], "excluded_lines": [], "start_line": 535}, "list_scans": {"executed_lines": [599, 600, 601, 602, 603, 604, 605], "summary": {"covered_lines": 7, "num_statements": 7, "percent_covered": 100.0, "percent_covered_display": "100", "missing_lines": 0, "excluded_lines": 0, "percent_statements_covered": 100.0, "percent_statements_covered_display": "100"}, "missing_lines": [], "excluded_lines": [], "start_line": 598}, "get_scan": {"executed_lines": [610, 611, 612, 613], "summary": {"covered_lines": 4, "num_statements": 4, "percent_covered": 100.0, "percent_covered_display": "100", "missing_lines": 0, "excluded_lines": 0, "percent_statements_covered": 100.0, "percent_statements_covered_display": "100"}, "missing_lines": [], "excluded_lines": [], "start_line": 609}, "delete_scan": {"executed_lines": [618, 619, 620, 621, 622, 623], "summary": {"covered_lines": 6, "num_statements": 6, "percent_covered": 100.0, "percent_covered_display": "100", "missing_lines": 0, "excluded_lines": 0, "percent_statements_covered": 100.0, "percent_statements_covered_display": "100"}, "missing_lines": [], "excluded_lines": [], "start_line": 617}, "create_incremental_scan": {"executed_lines": [633, 634, 636, 637, 638, 639, 641, 643, 652, 653, 654, 655, 656, 657, 658, 659, 660, 662, 663, 675, 676, 677, 679], "summary": {"covered_lines": 23, "num_statements": 23, "percent_covered": 100.0, "percent_covered_display": "100", "missing_lines": 0, "excluded_lines": 0, "percent_statements_covered": 100.0, "percent_statements_covered_display": "100"}, "missing_lines": [], "excluded_lines": [], "start_line": 627}, "": {"executed_lines": [1, 3, 4, 6, 7, 8, 10, 11, 12, 13, 15, 16, 19, 20, 21, 22, 23, 24, 25, 26, 27, 28, 31, 32, 33, 34, 35, 36, 37, 38, 41, 42, 43, 44, 45, 46, 47, 48, 49, 50, 51, 52, 53, 54, 55, 56, 57, 58, 59, 60, 61, 64, 89, 179, 215, 216, 259, 262, 271, 274, 283, 304, 305, 306, 307, 308, 309, 310, 311, 314, 315, 359, 360, 377, 378, 396, 397, 419, 420, 426, 427, 433, 477, 478, 497, 498, 499, 500, 503, 504, 535, 597, 598, 608, 609, 616, 617, 626, 627], "summary": {"covered_lines": 99, "num_statements": 99, "percent_covered": 100.0, "percent_covered_display": "100", "missing_lines": 0, "excluded_lines": 0, "percent_statements_covered": 100.0, "percent_statements_covered_display": "100"}, "missing_lines": [], "excluded_lines": [], "start_line": 1}}, "classes": {"ScanCreate": {"executed_lines": [], "summary": {"covered_lines": 0, "num_statements": 0, "percent_covered": 100.0, "percent_covered_display": "100", "missing_lines": 0, "excluded_lines": 0, "percent_statements_covered": 100.0, "percent_statements_covered_display": "100"}, "missing_lines": [], "excluded_lines": [], "start_line": 19}, "IncrementalScanCreate": {"executed_lines": [], "summary": {"covered_lines": 0, "num_statements": 0, "percent_covered": 100.0, "percent_covered_display": "100", "missing_lines": 0, "excluded_lines": 0, "percent_statements_covered": 100.0, "percent_statements_covered_display": "100"}, "missing_lines": [], "excluded_lines": [], "start_line": 31}, "ScanResponse": {"executed_lines": [], "summary": {"covered_lines": 0, "num_statements": 0, "percent_covered": 100.0, "percent_covered_display": "100", "missing_lines": 0, "excluded_lines": 0, "percent_statements_covered": 100.0, "percent_statements_covered_display": "100"}, "missing_lines": [], "excluded_lines": [], "start_line": 41}, "QueueScanCreate": {"executed_lines": [], "summary": {"covered_lines": 0, "num_statements": 0, "percent_covered": 100.0, "percent_covered_display": "100", "missing_lines": 0, "excluded_lines": 0, "percent_statements_covered": 100.0, "percent_statements_covered_display": "100"}, "missing_lines": [], "excluded_lines": [], "start_line": 304}, "ResumeRequest": {"executed_lines": [], "summary": {"covered_lines": 0, "num_statements": 0, "percent_covered": 100.0, "percent_covered_display": "100", "missing_lines": 0, "excluded_lines": 0, "percent_statements_covered": 100.0, "percent_statements_covered_display": "100"}, "missing_lines": [], "excluded_lines": [], "start_line": 497}, "": {"executed_lines": [1, 3, 4, 6, 7, 8, 10, 11, 12, 13, 15, 16, 19, 20, 21, 22, 23, 24, 25, 26, 27, 28, 31, 32, 33, 34, 35, 36, 37, 38, 41, 42, 43, 44, 45, 46, 47, 48, 49, 50, 51, 52, 53, 54, 55, 56, 57, 58, 59, 60, 61, 64, 65, 89, 101, 103, 104, 106, 107, 108, 109, 110, 111, 112, 114, 119, 120, 125, 127, 128, 129, 130, 131, 132, 133, 134, 135, 138, 139, 140, 141, 143, 144, 149, 150, 151, 152, 153, 154, 155, 157, 158, 163, 164, 176, 179, 215, 216, 222, 224, 233, 234, 235, 236, 237, 238, 239, 241, 242, 254, 259, 262, 264, 265, 267, 268, 271, 274, 276, 277, 279, 280, 283, 284, 295, 296, 297, 298, 300, 301, 304, 305, 306, 307, 308, 309, 310, 311, 314, 315, 320, 321, 323, 331, 332, 333, 334, 335, 336, 337, 339, 340, 353, 354, 355, 356, 359, 360, 361, 362, 363, 364, 365, 366, 367, 368, 377, 378, 379, 380, 381, 396, 397, 399, 400, 401, 402, 403, 404, 405, 406, 408, 409, 410, 411, 416, 419, 420, 421, 422, 423, 426, 427, 428, 429, 430, 433, 436, 437, 438, 440, 441, 442, 443, 444, 445, 449, 451, 452, 453, 470, 473, 474, 477, 478, 479, 481, 482, 483, 497, 498, 499, 500, 503, 504, 510, 512, 513, 514, 515, 517, 518, 519, 520, 521, 522, 524, 526, 532, 535, 597, 598, 599, 600, 601, 602, 603, 604, 605, 608, 609, 610, 611, 612, 613, 616, 617, 618, 619, 620, 621, 622, 623, 626, 627, 633, 634, 636, 637, 638, 639, 641, 643, 652, 653, 654, 655, 656, 657, 658, 659, 660, 662, 663, 675, 676, 677, 679], "summary": {"covered_lines": 288, "num_statements": 376, "percent_covered": 76.59574468085107, "percent_covered_display": "77", "missing_lines": 88, "excluded_lines": 0, "percent_statements_covered": 76.59574468085107, "percent_statements_covered_display": "77"}, "missing_lines": [165, 166, 167, 168, 169, 170, 171, 172, 173, 174, 181, 183, 184, 186, 187, 188, 189, 190, 191, 192, 193, 194, 195, 196, 197, 199, 201, 212, 412, 413, 414, 415, 446, 447, 448, 455, 468, 469, 471, 523, 536, 538, 539, 541, 542, 543, 544, 545, 547, 548, 549, 552, 554, 555, 556, 558, 559, 560, 561, 562, 563, 564, 565, 566, 568, 569, 570, 571, 572, 574, 575, 576, 577, 578, 579, 581, 582, 583, 584, 585, 586, 587, 588, 589, 590, 591, 592, 594], "excluded_lines": [], "start_line": 1}}}, "fusion_security/api/routes/schedules.py": {"executed_lines": [3, 5, 6, 8, 9, 10, 12, 13, 15, 17, 19, 22, 24, 27, 31, 32, 33, 34, 35, 36, 37, 40, 41, 42, 43, 44, 45, 46, 49, 52, 53, 66, 67, 68, 70, 71, 74, 75, 80, 81, 83, 84, 85, 86, 88, 89, 90, 101, 106, 107, 109, 110, 111, 112, 113, 114, 117, 118, 124, 126, 127, 128, 129, 131, 133, 135, 137, 138, 139, 140, 141, 143, 147, 148, 151, 152, 157, 159, 160, 161, 162, 163, 164, 166, 167], "summary": {"covered_lines": 85, "num_statements": 95, "percent_covered": 89.47368421052632, "percent_covered_display": "89", "missing_lines": 10, "excluded_lines": 0, "percent_statements_covered": 89.47368421052632, "percent_statements_covered_display": "89"}, "missing_lines": [28, 102, 103, 130, 132, 134, 136, 144, 146, 165], "excluded_lines": [], "functions": {"set_scheduler": {"executed_lines": [24], "summary": {"covered_lines": 1, "num_statements": 1, "percent_covered": 100.0, "percent_covered_display": "100", "missing_lines": 0, "excluded_lines": 0, "percent_statements_covered": 100.0, "percent_statements_covered_display": "100"}, "missing_lines": [], "excluded_lines": [], "start_line": 22}, "get_scheduler": {"executed_lines": [], "summary": {"covered_lines": 0, "num_statements": 1, "percent_covered": 0.0, "percent_covered_display": "0", "missing_lines": 1, "excluded_lines": 0, "percent_statements_covered": 0.0, "percent_statements_covered_display": "0"}, "missing_lines": [28], "excluded_lines": [], "start_line": 27}, "_orm_to_dict": {"executed_lines": [53], "summary": {"covered_lines": 1, "num_statements": 1, "percent_covered": 100.0, "percent_covered_display": "100", "missing_lines": 0, "excluded_lines": 0, "percent_statements_covered": 100.0, "percent_statements_covered_display": "100"}, "missing_lines": [], "excluded_lines": [], "start_line": 52}, "list_schedules": {"executed_lines": [68, 70, 71], "summary": {"covered_lines": 3, "num_statements": 3, "percent_covered": 100.0, "percent_covered_display": "100", "missing_lines": 0, "excluded_lines": 0, "percent_statements_covered": 100.0, "percent_statements_covered_display": "100"}, "missing_lines": [], "excluded_lines": [], "start_line": 67}, "create_schedule": {"executed_lines": [80, 81, 83, 84, 85, 86, 88, 89, 90, 101, 106, 107, 109, 110, 111, 112, 113, 114], "summary": {"covered_lines": 18, "num_statements": 20, "percent_covered": 90.0, "percent_covered_display": "90", "missing_lines": 2, "excluded_lines": 0, "percent_statements_covered": 90.0, "percent_statements_covered_display": "90"}, "missing_lines": [102, 103], "excluded_lines": [], "start_line": 75}, "update_schedule": {"executed_lines": [124, 126, 127, 128, 129, 131, 133, 135, 137, 138, 139, 140, 141, 143, 147, 148], "summary": {"covered_lines": 16, "num_statements": 22, "percent_covered": 72.72727272727273, "percent_covered_display": "73", "missing_lines": 6, "excluded_lines": 0, "percent_statements_covered": 72.72727272727273, "percent_statements_covered_display": "73"}, "missing_lines": [130, 132, 134, 136, 144, 146], "excluded_lines": [], "start_line": 118}, "delete_schedule": {"executed_lines": [157, 159, 160, 161, 162, 163, 164, 166, 167], "summary": {"covered_lines": 9, "num_statements": 10, "percent_covered": 90.0, "percent_covered_display": "90", "missing_lines": 1, "excluded_lines": 0, "percent_statements_covered": 90.0, "percent_statements_covered_display": "90"}, "missing_lines": [165], "excluded_lines": [], "start_line": 152}, "": {"executed_lines": [3, 5, 6, 8, 9, 10, 12, 13, 15, 17, 19, 22, 27, 31, 32, 33, 34, 35, 36, 37, 40, 41, 42, 43, 44, 45, 46, 49, 52, 66, 67, 74, 75, 117, 118, 151, 152], "summary": {"covered_lines": 37, "num_statements": 37, "percent_covered": 100.0, "percent_covered_display": "100", "missing_lines": 0, "excluded_lines": 0, "percent_statements_covered": 100.0, "percent_statements_covered_display": "100"}, "missing_lines": [], "excluded_lines": [], "start_line": 1}}, "classes": {"ScheduleCreate": {"executed_lines": [], "summary": {"covered_lines": 0, "num_statements": 0, "percent_covered": 100.0, "percent_covered_display": "100", "missing_lines": 0, "excluded_lines": 0, "percent_statements_covered": 100.0, "percent_statements_covered_display": "100"}, "missing_lines": [], "excluded_lines": [], "start_line": 31}, "ScheduleUpdate": {"executed_lines": [], "summary": {"covered_lines": 0, "num_statements": 0, "percent_covered": 100.0, "percent_covered_display": "100", "missing_lines": 0, "excluded_lines": 0, "percent_statements_covered": 100.0, "percent_statements_covered_display": "100"}, "missing_lines": [], "excluded_lines": [], "start_line": 40}, "": {"executed_lines": [3, 5, 6, 8, 9, 10, 12, 13, 15, 17, 19, 22, 24, 27, 31, 32, 33, 34, 35, 36, 37, 40, 41, 42, 43, 44, 45, 46, 49, 52, 53, 66, 67, 68, 70, 71, 74, 75, 80, 81, 83, 84, 85, 86, 88, 89, 90, 101, 106, 107, 109, 110, 111, 112, 113, 114, 117, 118, 124, 126, 127, 128, 129, 131, 133, 135, 137, 138, 139, 140, 141, 143, 147, 148, 151, 152, 157, 159, 160, 161, 162, 163, 164, 166, 167], "summary": {"covered_lines": 85, "num_statements": 95, "percent_covered": 89.47368421052632, "percent_covered_display": "89", "missing_lines": 10, "excluded_lines": 0, "percent_statements_covered": 89.47368421052632, "percent_statements_covered_display": "89"}, "missing_lines": [28, 102, 103, 130, 132, 134, 136, 144, 146, 165], "excluded_lines": [], "start_line": 1}}}, "fusion_security/api/routes/system.py": {"executed_lines": [1, 3, 4, 5, 7, 8, 10, 13, 15, 16, 17, 19, 22, 24, 25, 27, 30, 31, 32, 41, 42, 43, 46, 47, 50, 51, 53, 54, 55, 57, 58, 59, 61, 65, 66, 67, 68, 71, 72, 74, 75, 76, 81, 91, 92, 93, 95, 96, 97, 101, 107, 108, 109, 111, 112, 113, 114, 126, 129, 130, 131, 133, 134, 135, 136, 137, 138, 139, 142, 143, 146, 147, 148, 149, 150, 152, 153, 154, 155, 156, 157, 165, 166], "summary": {"covered_lines": 83, "num_statements": 104, "percent_covered": 79.8076923076923, "percent_covered_display": "80", "missing_lines": 21, "excluded_lines": 0, "percent_statements_covered": 79.8076923076923, "percent_statements_covered_display": "80"}, "missing_lines": [18, 62, 63, 64, 69, 70, 77, 78, 79, 80, 98, 99, 100, 102, 103, 104, 158, 161, 162, 163, 164], "excluded_lines": [], "functions": {"_resolve_mlx_url": {"executed_lines": [15, 16, 17, 19], "summary": {"covered_lines": 4, "num_statements": 5, "percent_covered": 80.0, "percent_covered_display": "80", "missing_lines": 1, "excluded_lines": 0, "percent_statements_covered": 80.0, "percent_statements_covered_display": "80"}, "missing_lines": [18], "excluded_lines": [], "start_line": 13}, "system_info": {"executed_lines": [32], "summary": {"covered_lines": 1, "num_statements": 1, "percent_covered": 100.0, "percent_covered_display": "100", "missing_lines": 0, "excluded_lines": 0, "percent_statements_covered": 100.0, "percent_statements_covered_display": "100"}, "missing_lines": [], "excluded_lines": [], "start_line": 31}, "health_check": {"executed_lines": [43], "summary": {"covered_lines": 1, "num_statements": 1, "percent_covered": 100.0, "percent_covered_display": "100", "missing_lines": 0, "excluded_lines": 0, "percent_statements_covered": 100.0, "percent_statements_covered_display": "100"}, "missing_lines": [], "excluded_lines": [], "start_line": 42}, "health_detailed": {"executed_lines": [50, 51, 53, 54, 55, 57, 58, 59, 61, 65, 66, 67, 68, 71, 72, 74, 75, 76, 81], "summary": {"covered_lines": 19, "num_statements": 28, "percent_covered": 67.85714285714286, "percent_covered_display": "68", "missing_lines": 9, "excluded_lines": 0, "percent_statements_covered": 67.85714285714286, "percent_statements_covered_display": "68"}, "missing_lines": [62, 63, 64, 69, 70, 77, 78, 79, 80], "excluded_lines": [], "start_line": 47}, "model_config": {"executed_lines": [93, 95, 96, 97, 101], "summary": {"covered_lines": 5, "num_statements": 11, "percent_covered": 45.45454545454545, "percent_covered_display": "45", "missing_lines": 6, "excluded_lines": 0, "percent_statements_covered": 45.45454545454545, "percent_statements_covered_display": "45"}, "missing_lines": [98, 99, 100, 102, 103, 104], "excluded_lines": [], "start_line": 92}, "list_rules": {"executed_lines": [109, 111, 112, 113, 114, 126], "summary": {"covered_lines": 6, "num_statements": 6, "percent_covered": 100.0, "percent_covered_display": "100", "missing_lines": 0, "excluded_lines": 0, "percent_statements_covered": 100.0, "percent_statements_covered_display": "100"}, "missing_lines": [], "excluded_lines": [], "start_line": 108}, "list_rulesets": {"executed_lines": [131, 133, 134, 135, 136, 137, 138, 139], "summary": {"covered_lines": 8, "num_statements": 8, "percent_covered": 100.0, "percent_covered_display": "100", "missing_lines": 0, "excluded_lines": 0, "percent_statements_covered": 100.0, "percent_statements_covered_display": "100"}, "missing_lines": [], "excluded_lines": [], "start_line": 130}, "update_model_config": {"executed_lines": [148, 149, 150, 152, 153, 154, 155, 156, 157, 165, 166], "summary": {"covered_lines": 11, "num_statements": 16, "percent_covered": 68.75, "percent_covered_display": "69", "missing_lines": 5, "excluded_lines": 0, "percent_statements_covered": 68.75, "percent_statements_covered_display": "69"}, "missing_lines": [158, 161, 162, 163, 164], "excluded_lines": [], "start_line": 147}, "": {"executed_lines": [1, 3, 4, 5, 7, 8, 10, 13, 22, 24, 25, 27, 30, 31, 41, 42, 46, 47, 91, 92, 107, 108, 129, 130, 142, 143, 146, 147], "summary": {"covered_lines": 28, "num_statements": 28, "percent_covered": 100.0, "percent_covered_display": "100", "missing_lines": 0, "excluded_lines": 0, "percent_statements_covered": 100.0, "percent_statements_covered_display": "100"}, "missing_lines": [], "excluded_lines": [], "start_line": 1}}, "classes": {"ModelConfigUpdate": {"executed_lines": [], "summary": {"covered_lines": 0, "num_statements": 0, "percent_covered": 100.0, "percent_covered_display": "100", "missing_lines": 0, "excluded_lines": 0, "percent_statements_covered": 100.0, "percent_statements_covered_display": "100"}, "missing_lines": [], "excluded_lines": [], "start_line": 142}, "": {"executed_lines": [1, 3, 4, 5, 7, 8, 10, 13, 15, 16, 17, 19, 22, 24, 25, 27, 30, 31, 32, 41, 42, 43, 46, 47, 50, 51, 53, 54, 55, 57, 58, 59, 61, 65, 66, 67, 68, 71, 72, 74, 75, 76, 81, 91, 92, 93, 95, 96, 97, 101, 107, 108, 109, 111, 112, 113, 114, 126, 129, 130, 131, 133, 134, 135, 136, 137, 138, 139, 142, 143, 146, 147, 148, 149, 150, 152, 153, 154, 155, 156, 157, 165, 166], "summary": {"covered_lines": 83, "num_statements": 104, "percent_covered": 79.8076923076923, "percent_covered_display": "80", "missing_lines": 21, "excluded_lines": 0, "percent_statements_covered": 79.8076923076923, "percent_statements_covered_display": "80"}, "missing_lines": [18, 62, 63, 64, 69, 70, 77, 78, 79, 80, 98, 99, 100, 102, 103, 104, 158, 161, 162, 163, 164], "excluded_lines": [], "start_line": 1}}}, "fusion_security/api/routes/vulnerabilities.py": {"executed_lines": [1, 3, 5, 6, 7, 9, 10, 12, 13, 16, 17, 18, 19, 20, 21, 22, 23, 24, 25, 26, 27, 28, 29, 30, 33, 34, 37, 38, 41, 42, 60, 61, 70, 71, 72, 73, 74, 75, 76, 77, 78, 79, 80, 83, 84, 85, 87, 88, 89, 92, 93, 94, 97, 98, 101, 102, 103, 105, 106, 113, 116, 117, 118, 120, 121, 124, 125, 131, 132, 134, 136, 137, 138, 139, 140, 142, 143, 144, 145, 146, 147, 149, 150, 152, 155, 156, 157, 158, 159, 160, 163, 164, 165, 166, 167, 168, 169, 170, 171, 172, 173, 176, 177, 178, 179, 180, 181, 182, 183, 184, 185, 186, 187, 188, 191, 192, 194, 196, 197, 199, 200, 201, 202, 203, 211, 212, 221, 222, 223, 224], "summary": {"covered_lines": 130, "num_statements": 132, "percent_covered": 98.48484848484848, "percent_covered_display": "98", "missing_lines": 2, "excluded_lines": 0, "percent_statements_covered": 98.48484848484848, "percent_statements_covered_display": "98"}, "missing_lines": [133, 135], "excluded_lines": [], "functions": {"_orm_to_response": {"executed_lines": [42], "summary": {"covered_lines": 1, "num_statements": 1, "percent_covered": 100.0, "percent_covered_display": "100", "missing_lines": 0, "excluded_lines": 0, "percent_statements_covered": 100.0, "percent_statements_covered_display": "100"}, "missing_lines": [], "excluded_lines": [], "start_line": 41}, "list_vulnerabilities": {"executed_lines": [70, 71, 72, 73, 74, 75, 76, 77, 78, 79, 80], "summary": {"covered_lines": 11, "num_statements": 11, "percent_covered": 100.0, "percent_covered_display": "100", "missing_lines": 0, "excluded_lines": 0, "percent_statements_covered": 100.0, "percent_statements_covered_display": "100"}, "missing_lines": [], "excluded_lines": [], "start_line": 61}, "vulnerability_stats": {"executed_lines": [85, 87, 88, 89, 92, 93, 94, 97, 98], "summary": {"covered_lines": 9, "num_statements": 9, "percent_covered": 100.0, "percent_covered_display": "100", "missing_lines": 0, "excluded_lines": 0, "percent_statements_covered": 100.0, "percent_statements_covered_display": "100"}, "missing_lines": [], "excluded_lines": [], "start_line": 84}, "recent_findings": {"executed_lines": [103, 105, 106, 113], "summary": {"covered_lines": 4, "num_statements": 4, "percent_covered": 100.0, "percent_covered_display": "100", "missing_lines": 0, "excluded_lines": 0, "percent_statements_covered": 100.0, "percent_statements_covered_display": "100"}, "missing_lines": [], "excluded_lines": [], "start_line": 102}, "findings_by_rule": {"executed_lines": [118, 120, 121], "summary": {"covered_lines": 3, "num_statements": 3, "percent_covered": 100.0, "percent_covered_display": "100", "missing_lines": 0, "excluded_lines": 0, "percent_statements_covered": 100.0, "percent_statements_covered_display": "100"}, "missing_lines": [], "excluded_lines": [], "start_line": 117}, "export_vulnerabilities": {"executed_lines": [131, 132, 134, 136, 137, 138, 139, 140, 142, 143, 144, 145, 146, 147, 149, 150, 152], "summary": {"covered_lines": 17, "num_statements": 19, "percent_covered": 89.47368421052632, "percent_covered_display": "89", "missing_lines": 2, "excluded_lines": 0, "percent_statements_covered": 89.47368421052632, "percent_statements_covered_display": "89"}, "missing_lines": [133, 135], "excluded_lines": [], "start_line": 125}, "get_vulnerability": {"executed_lines": [157, 158, 159, 160], "summary": {"covered_lines": 4, "num_statements": 4, "percent_covered": 100.0, "percent_covered_display": "100", "missing_lines": 0, "excluded_lines": 0, "percent_statements_covered": 100.0, "percent_statements_covered_display": "100"}, "missing_lines": [], "excluded_lines": [], "start_line": 156}, "update_vulnerability": {"executed_lines": [165, 166, 167, 168, 169, 170, 171, 172, 173], "summary": {"covered_lines": 9, "num_statements": 9, "percent_covered": 100.0, "percent_covered_display": "100", "missing_lines": 0, "excluded_lines": 0, "percent_statements_covered": 100.0, "percent_statements_covered_display": "100"}, "missing_lines": [], "excluded_lines": [], "start_line": 164}, "update_vuln_status": {"executed_lines": [178, 179, 180, 181, 182, 183, 184, 185, 186, 187, 188], "summary": {"covered_lines": 11, "num_statements": 11, "percent_covered": 100.0, "percent_covered_display": "100", "missing_lines": 0, "excluded_lines": 0, "percent_statements_covered": 100.0, "percent_statements_covered_display": "100"}, "missing_lines": [], "excluded_lines": [], "start_line": 177}, "mark_false_positive": {"executed_lines": [194, 196, 197, 199, 200, 201, 202, 203, 211, 212, 221, 222, 223, 224], "summary": {"covered_lines": 14, "num_statements": 14, "percent_covered": 100.0, "percent_covered_display": "100", "missing_lines": 0, "excluded_lines": 0, "percent_statements_covered": 100.0, "percent_statements_covered_display": "100"}, "missing_lines": [], "excluded_lines": [], "start_line": 192}, "": {"executed_lines": [1, 3, 5, 6, 7, 9, 10, 12, 13, 16, 17, 18, 19, 20, 21, 22, 23, 24, 25, 26, 27, 28, 29, 30, 33, 34, 37, 38, 41, 60, 61, 83, 84, 101, 102, 116, 117, 124, 125, 155, 156, 163, 164, 176, 177, 191, 192], "summary": {"covered_lines": 47, "num_statements": 47, "percent_covered": 100.0, "percent_covered_display": "100", "missing_lines": 0, "excluded_lines": 0, "percent_statements_covered": 100.0, "percent_statements_covered_display": "100"}, "missing_lines": [], "excluded_lines": [], "start_line": 1}}, "classes": {"VulnResponse": {"executed_lines": [], "summary": {"covered_lines": 0, "num_statements": 0, "percent_covered": 100.0, "percent_covered_display": "100", "missing_lines": 0, "excluded_lines": 0, "percent_statements_covered": 100.0, "percent_statements_covered_display": "100"}, "missing_lines": [], "excluded_lines": [], "start_line": 16}, "VulnUpdate": {"executed_lines": [], "summary": {"covered_lines": 0, "num_statements": 0, "percent_covered": 100.0, "percent_covered_display": "100", "missing_lines": 0, "excluded_lines": 0, "percent_statements_covered": 100.0, "percent_statements_covered_display": "100"}, "missing_lines": [], "excluded_lines": [], "start_line": 33}, "VulnStatusUpdate": {"executed_lines": [], "summary": {"covered_lines": 0, "num_statements": 0, "percent_covered": 100.0, "percent_covered_display": "100", "missing_lines": 0, "excluded_lines": 0, "percent_statements_covered": 100.0, "percent_statements_covered_display": "100"}, "missing_lines": [], "excluded_lines": [], "start_line": 37}, "": {"executed_lines": [1, 3, 5, 6, 7, 9, 10, 12, 13, 16, 17, 18, 19, 20, 21, 22, 23, 24, 25, 26, 27, 28, 29, 30, 33, 34, 37, 38, 41, 42, 60, 61, 70, 71, 72, 73, 74, 75, 76, 77, 78, 79, 80, 83, 84, 85, 87, 88, 89, 92, 93, 94, 97, 98, 101, 102, 103, 105, 106, 113, 116, 117, 118, 120, 121, 124, 125, 131, 132, 134, 136, 137, 138, 139, 140, 142, 143, 144, 145, 146, 147, 149, 150, 152, 155, 156, 157, 158, 159, 160, 163, 164, 165, 166, 167, 168, 169, 170, 171, 172, 173, 176, 177, 178, 179, 180, 181, 182, 183, 184, 185, 186, 187, 188, 191, 192, 194, 196, 197, 199, 200, 201, 202, 203, 211, 212, 221, 222, 223, 224], "summary": {"covered_lines": 130, "num_statements": 132, "percent_covered": 98.48484848484848, "percent_covered_display": "98", "missing_lines": 2, "excluded_lines": 0, "percent_statements_covered": 98.48484848484848, "percent_statements_covered_display": "98"}, "missing_lines": [133, 135], "excluded_lines": [], "start_line": 1}}}, "fusion_security/cli.py": {"executed_lines": [11, 13, 14, 15, 16, 17, 19, 21, 22, 23, 24, 25, 27, 30, 31, 32, 33, 39, 40, 43, 44, 45, 48, 49, 50, 51, 52, 53, 54, 55, 56, 57, 71, 74, 87, 88, 89, 90, 92, 93, 94, 96, 111, 112, 113, 118, 119, 120, 127, 128, 129, 130, 131, 132, 133, 135, 136, 137, 139, 141, 142, 143, 144, 145, 146, 148, 149, 151, 152, 153, 155, 156, 157, 159, 160, 161, 162, 163, 165, 166, 167, 168, 169, 170, 171, 172, 173, 175, 179, 180, 181, 182, 183, 184, 185, 186, 187, 189, 192, 193, 194, 196, 199, 201, 202, 203, 205, 206, 220, 221, 223, 225, 227, 228, 229, 230, 232, 233, 234, 235, 238, 239, 240, 241, 252, 253, 254, 257, 259, 262, 264, 266, 267, 268, 269, 270, 271, 272, 273, 274, 277, 278, 279, 280, 282, 285, 287, 289, 290, 291, 292, 293, 296, 300], "summary": {"covered_lines": 154, "num_statements": 179, "percent_covered": 86.033519553
[...]
atements_covered": 100.0, "percent_statements_covered_display": "100"}, "missing_lines": [], "excluded_lines": [], "start_line": 22}, "Project.to_dict": {"executed_lines": [], "summary": {"covered_lines": 0, "num_statements": 1, "percent_covered": 0.0, "percent_covered_display": "0", "missing_lines": 1, "excluded_lines": 0, "percent_statements_covered": 0.0, "percent_statements_covered_display": "0"}, "missing_lines": [30], "excluded_lines": [], "start_line": 29}, "Scan.__post_init__": {"executed_lines": [74, 75, 76, 77], "summary": {"covered_lines": 4, "num_statements": 4, "percent_covered": 100.0, "percent_covered_display": "100", "missing_lines": 0, "excluded_lines": 0, "percent_statements_covered": 100.0, "percent_statements_covered_display": "100"}, "missing_lines": [], "excluded_lines": [], "start_line": 73}, "Scan.to_dict": {"executed_lines": [], "summary": {"covered_lines": 0, "num_statements": 1, "percent_covered": 0.0, "percent_covered_display": "0", "missing_lines": 1, "excluded_lines": 0, "percent_statements_covered": 0.0, "percent_statements_covered_display": "0"}, "missing_lines": [80], "excluded_lines": [], "start_line": 79}, "": {"executed_lines": [1, 3, 4, 5, 6, 9, 10, 11, 12, 13, 14, 15, 16, 17, 18, 19, 20, 22, 29, 44, 45, 46, 47, 48, 49, 50, 51, 52, 53, 54, 55, 56, 58, 59, 60, 61, 62, 63, 64, 65, 66, 67, 68, 69, 70, 71, 73, 79], "summary": {"covered_lines": 48, "num_statements": 48, "percent_covered": 100.0, "percent_covered_display": "100", "missing_lines": 0, "excluded_lines": 0, "percent_statements_covered": 100.0, "percent_statements_covered_display": "100"}, "missing_lines": [], "excluded_lines": [], "start_line": 1}}, "classes": {"Project": {"executed_lines": [23, 24, 25, 26, 27], "summary": {"covered_lines": 5, "num_statements": 6, "percent_covered": 83.33333333333333, "percent_covered_display": "83", "missing_lines": 1, "excluded_lines": 0, "percent_statements_covered": 83.33333333333333, "percent_statements_covered_display": "83"}, "missing_lines": [30], "excluded_lines": [], "start_line": 10}, "Scan": {"executed_lines": [74, 75, 76, 77], "summary": {"covered_lines": 4, "num_statements": 5, "percent_covered": 80.0, "percent_covered_display": "80", "missing_lines": 1, "excluded_lines": 0, "percent_statements_covered": 80.0, "percent_statements_covered_display": "80"}, "missing_lines": [80], "excluded_lines": [], "start_line": 45}, "": {"executed_lines": [1, 3, 4, 5, 6, 9, 10, 11, 12, 13, 14, 15, 16, 17, 18, 19, 20, 22, 29, 44, 45, 46, 47, 48, 49, 50, 51, 52, 53, 54, 55, 56, 58, 59, 60, 61, 62, 63, 64, 65, 66, 67, 68, 69, 70, 71, 73, 79], "summary": {"covered_lines": 48, "num_statements": 48, "percent_covered": 100.0, "percent_covered_display": "100", "missing_lines": 0, "excluded_lines": 0, "percent_statements_covered": 100.0, "percent_statements_covered_display": "100"}, "missing_lines": [], "excluded_lines": [], "start_line": 1}}}, "fusion_security/models/rule.py": {"executed_lines": [1, 3, 4, 5, 8, 9, 10, 11, 12, 13, 14, 15, 16, 17, 18, 19, 20, 21, 22, 23, 25, 26, 43, 44, 45, 46, 47, 48, 49, 50, 52, 53, 54, 55, 56, 58, 60, 61], "summary": {"covered_lines": 38, "num_statements": 38, "percent_covered": 100.0, "percent_covered_display": "100", "missing_lines": 0, "excluded_lines": 0, "percent_statements_covered": 100.0, "percent_statements_covered_display": "100"}, "missing_lines": [], "excluded_lines": [], "functions": {"Rule.to_dict": {"executed_lines": [26], "summary": {"covered_lines": 1, "num_statements": 1, "percent_covered": 100.0, "percent_covered_display": "100", "missing_lines": 0, "excluded_lines": 0, "percent_statements_covered": 100.0, "percent_statements_covered_display": "100"}, "missing_lines": [], "excluded_lines": [], "start_line": 25}, "RuleSet.__post_init__": {"executed_lines": [53, 54, 55, 56, 58], "summary": {"covered_lines": 5, "num_statements": 5, "percent_covered": 100.0, "percent_covered_display": "100", "missing_lines": 0, "excluded_lines": 0, "percent_statements_covered": 100.0, "percent_statements_covered_display": "100"}, "missing_lines": [], "excluded_lines": [], "start_line": 52}, "RuleSet.to_dict": {"executed_lines": [61], "summary": {"covered_lines": 1, "num_statements": 1, "percent_covered": 100.0, "percent_covered_display": "100", "missing_lines": 0, "excluded_lines": 0, "percent_statements_covered": 100.0, "percent_statements_covered_display": "100"}, "missing_lines": [], "excluded_lines": [], "start_line": 60}, "": {"executed_lines": [1, 3, 4, 5, 8, 9, 10, 11, 12, 13, 14, 15, 16, 17, 18, 19, 20, 21, 22, 23, 25, 43, 44, 45, 46, 47, 48, 49, 50, 52, 60], "summary": {"covered_lines": 31, "num_statements": 31, "percent_covered": 100.0, "percent_covered_display": "100", "missing_lines": 0, "excluded_lines": 0, "percent_statements_covered": 100.0, "percent_statements_covered_display": "100"}, "missing_lines": [], "excluded_lines": [], "start_line": 1}}, "classes": {"Rule": {"executed_lines": [26], "summary": {"covered_lines": 1, "num_statements": 1, "percent_covered": 100.0, "percent_covered_display": "100", "missing_lines": 0, "excluded_lines": 0, "percent_statements_covered": 100.0, "percent_statements_covered_display": "100"}, "missing_lines": [], "excluded_lines": [], "start_line": 9}, "RuleSet": {"executed_lines": [53, 54, 55, 56, 58, 61], "summary": {"covered_lines": 6, "num_statements": 6, "percent_covered": 100.0, "percent_covered_display": "100", "missing_lines": 0, "excluded_lines": 0, "percent_statements_covered": 100.0, "percent_statements_covered_display": "100"}, "missing_lines": [], "excluded_lines": [], "start_line": 44}, "": {"executed_lines": [1, 3, 4, 5, 8, 9, 10, 11, 12, 13, 14, 15, 16, 17, 18, 19, 20, 21, 22, 23, 25, 43, 44, 45, 46, 47, 48, 49, 50, 52, 60], "summary": {"covered_lines": 31, "num_statements": 31, "percent_covered": 100.0, "percent_covered_display": "100", "missing_lines": 0, "excluded_lines": 0, "percent_statements_covered": 100.0, "percent_statements_covered_display": "100"}, "missing_lines": [], "excluded_lines": [], "start_line": 1}}}, "fusion_security/models/vulnerability.py": {"executed_lines": [1, 3, 4, 7, 8, 9, 10, 11, 12, 13, 14, 15, 16, 17, 18, 19, 20, 21, 22, 24, 25, 42, 43, 44, 46, 47, 48], "summary": {"covered_lines": 27, "num_statements": 27, "percent_covered": 100.0, "percent_covered_display": "100", "missing_lines": 0, "excluded_lines": 0, "percent_statements_covered": 100.0, "percent_statements_covered_display": "100"}, "missing_lines": [], "excluded_lines": [], "functions": {"Vulnerability.to_dict": {"executed_lines": [25], "summary": {"covered_lines": 1, "num_statements": 1, "percent_covered": 100.0, "percent_covered_display": "100", "missing_lines": 0, "excluded_lines": 0, "percent_statements_covered": 100.0, "percent_statements_covered_display": "100"}, "missing_lines": [], "excluded_lines": [], "start_line": 24}, "Vulnerability.from_dict": {"executed_lines": [44, 46, 47, 48], "summary": {"covered_lines": 4, "num_statements": 4, "percent_covered": 100.0, "percent_covered_display": "100", "missing_lines": 0, "excluded_lines": 0, "percent_statements_covered": 100.0, "percent_statements_covered_display": "100"}, "missing_lines": [], "excluded_lines": [], "start_line": 43}, "": {"executed_lines": [1, 3, 4, 7, 8, 9, 10, 11, 12, 13, 14, 15, 16, 17, 18, 19, 20, 21, 22, 24, 42, 43], "summary": {"covered_lines": 22, "num_statements": 22, "percent_covered": 100.0, "percent_covered_display": "100", "missing_lines": 0, "excluded_lines": 0, "percent_statements_covered": 100.0, "percent_statements_covered_display": "100"}, "missing_lines": [], "excluded_lines": [], "start_line": 1}}, "classes": {"Vulnerability": {"executed_lines": [25, 44, 46, 47, 48], "summary": {"covered_lines": 5, "num_statements": 5, "percent_covered": 100.0, "percent_covered_display": "100", "missing_lines": 0, "excluded_lines": 0, "percent_statements_covered": 100.0, "percent_statements_covered_display": "100"}, "missing_lines": [], "excluded_lines": [], "start_line": 8}, "": {"executed_lines": [1, 3, 4, 7, 8, 9, 10, 11, 12, 13, 14, 15, 16, 17, 18, 19, 20, 21, 22, 24, 42, 43], "summary": {"covered_lines": 22, "num_statements": 22, "percent_covered": 100.0, "percent_covered_display": "100", "missing_lines": 0, "excluded_lines": 0, "percent_statements_covered": 100.0, "percent_statements_covered_display": "100"}, "missing_lines": [], "excluded_lines": [], "start_line": 1}}}, "fusion_security/report/__init__.py": {"executed_lines": [3, 5], "summary": {"covered_lines": 2, "num_statements": 2, "percent_covered": 100.0, "percent_covered_display": "100", "missing_lines": 0, "excluded_lines": 0, "percent_statements_covered": 100.0, "percent_statements_covered_display": "100"}, "missing_lines": [], "excluded_lines": [], "functions": {"": {"executed_lines": [3, 5], "summary": {"covered_lines": 2, "num_statements": 2, "percent_covered": 100.0, "percent_covered_display": "100", "missing_lines": 0, "excluded_lines": 0, "percent_statements_covered": 100.0, "percent_statements_covered_display": "100"}, "missing_lines": [], "excluded_lines": [], "start_line": 1}}, "classes": {"": {"executed_lines": [3, 5], "summary": {"covered_lines": 2, "num_statements": 2, "percent_covered": 100.0, "percent_covered_display": "100", "missing_lines": 0, "excluded_lines": 0, "percent_statements_covered": 100.0, "percent_statements_covered_display": "100"}, "missing_lines": [], "excluded_lines": [], "start_line": 1}}}, "fusion_security/report/report.py": {"executed_lines": [3, 5, 6, 7, 8, 9, 11, 13, 14, 16, 19, 22, 23, 24, 27, 91, 92, 95, 96, 97, 98, 99, 100, 101, 102, 103, 104, 105, 106, 107, 108, 110, 111, 112, 113, 114, 115, 116, 117, 118, 119, 120, 121, 122, 123, 124, 125, 126, 127, 128, 129, 131, 132, 133, 134, 135, 137, 138, 140, 141, 142, 143, 144, 157, 168, 169, 170, 172, 173, 174, 175, 177, 178, 179, 180, 182, 183, 184, 185, 187, 188, 189, 190, 192], "summary": {"covered_lines": 84, "num_statements": 84, "percent_covered": 100.0, "percent_covered_display": "100", "missing_lines": 0, "excluded_lines": 0, "percent_statements_covered": 100.0, "percent_statements_covered_display": "100"}, "missing_lines": [], "excluded_lines": [], "functions": {"_fence_for": {"executed_lines": [22, 23, 24], "summary": {"covered_lines": 3, "num_statements": 3, "percent_covered": 100.0, "percent_covered_display": "100", "missing_lines": 0, "excluded_lines": 0, "percent_statements_covered": 100.0, "percent_statements_covered_display": "100"}, "missing_lines": [], "excluded_lines": [], "start_line": 19}, "ReportGenerator.generate_markdown": {"executed_lines": [97, 98, 99, 100, 101, 102, 103, 104, 105, 106, 107, 108, 110, 111, 112, 113, 114, 115, 116, 117, 118, 119, 120, 121, 122, 123, 124, 125, 126, 127, 128, 129, 131, 132, 133, 134, 135], "summary": {"covered_lines": 37, "num_statements": 37, "percent_covered": 100.0, "percent_covered_display": "100", "missing_lines": 0, "excluded_lines": 0, "percent_statements_covered": 100.0, "percent_statements_covered_display": "100"}, "missing_lines": [], "excluded_lines": [], "start_line": 96}, "ReportGenerator.generate_json": {"executed_lines": [138], "summary": {"covered_lines": 1, "num_statements": 1, "percent_covered": 100.0, "percent_covered_display": "100", "missing_lines": 0, "excluded_lines": 0, "percent_statements_covered": 100.0, "percent_statements_covered_display": "100"}, "missing_lines": [], "excluded_lines": [], "start_line": 137}, "ReportGenerator.generate_html": {"executed_lines": [141, 142, 143, 144, 157], "summary": {"covered_lines": 5, "num_statements": 5, "percent_covered": 100.0, "percent_covered_display": "100", "missing_lines": 0, "excluded_lines": 0, "percent_statements_covered": 100.0, "percent_statements_covered_display": "100"}, "missing_lines": [], "excluded_lines": [], "start_line": 140}, "ReportGenerator.save_report": {"executed_lines": [169, 170, 172, 173, 174, 175, 177, 178, 179, 180, 182, 183, 184, 185, 187, 188, 189, 190, 192], "summary": {"covered_lines": 19, "num_statements": 19, "percent_covered": 100.0, "percent_covered_display": "100", "missing_lines": 0, "excluded_lines": 0, "percent_statements_covered": 100.0, "percent_statements_covered_display": "100"}, "missing_lines": [], "excluded_lines": [], "start_line": 168}, "": {"executed_lines": [3, 5, 6, 7, 8, 9, 11, 13, 14, 16, 19, 27, 91, 92, 95, 96, 137, 140, 168], "summary": {"covered_lines": 19, "num_statements": 19, "percent_covered": 100.0, "percent_covered_display": "100", "missing_lines": 0, "excluded_lines": 0, "percent_statements_covered": 100.0, "percent_statements_covered_display": "100"}, "missing_lines": [], "excluded_lines": [], "start_line": 1}}, "classes": {"ReportGenerator": {"executed_lines": [97, 98, 99, 100, 101, 102, 103, 104, 105, 106, 107, 108, 110, 111, 112, 113, 114, 115, 116, 117, 118, 119, 120, 121, 122, 123, 124, 125, 126, 127, 128, 129, 131, 132, 133, 134, 135, 138, 141, 142, 143, 144, 157, 169, 170, 172, 173, 174, 175, 177, 178, 179, 180, 182, 183, 184, 185, 187, 188, 189, 190, 192], "summary": {"covered_lines": 62, "num_statements": 62, "percent_covered": 100.0, "percent_covered_display": "100", "missing_lines": 0, "excluded_lines": 0, "percent_statements_covered": 100.0, "percent_statements_covered_display": "100"}, "missing_lines": [], "excluded_lines": [], "start_line": 95}, "": {"executed_lines": [3, 5, 6, 7, 8, 9, 11, 13, 14, 16, 19, 22, 23, 24, 27, 91, 92, 95, 96, 137, 140, 168], "summary": {"covered_lines": 22, "num_statements": 22, "percent_covered": 100.0, "percent_covered_display": "100", "missing_lines": 0, "excluded_lines": 0, "percent_statements_covered": 100.0, "percent_statements_covered_display": "100"}, "missing_lines": [], "excluded_lines": [], "start_line": 1}}}, "fusion_security/report/sarif.py": {"executed_lines": [3, 5, 6, 7, 8, 10, 11, 13, 15, 16, 19, 22, 23, 24, 26, 27, 28, 34, 39, 45, 51, 61, 64, 65, 66, 68, 85, 86, 89, 95, 96, 97, 98, 99, 100, 103, 104], "summary": {"covered_lines": 37, "num_statements": 39, "percent_covered": 94.87179487179488, "percent_covered_display": "95", "missing_lines": 2, "excluded_lines": 0, "percent_statements_covered": 94.87179487179488, "percent_statements_covered_display": "95"}, "missing_lines": [35, 52], "excluded_lines": [], "functions": {"vulnerabilities_to_sarif": {"executed_lines": [22, 23, 24, 26, 27, 28, 34, 39, 45, 51, 61, 64, 65, 66, 68, 85, 86], "summary": {"covered_lines": 17, "num_statements": 19, "percent_covered": 89.47368421052632, "percent_covered_display": "89", "missing_lines": 2, "excluded_lines": 0, "percent_statements_covered": 89.47368421052632, "percent_statements_covered_display": "89"}, "missing_lines": [35, 52], "excluded_lines": [], "start_line": 19}, "save_sarif": {"executed_lines": [95, 96, 97, 98, 99, 100], "summary": {"covered_lines": 6, "num_statements": 6, "percent_covered": 100.0, "percent_covered_display": "100", "missing_lines": 0, "excluded_lines": 0, "percent_statements_covered": 100.0, "percent_statements_covered_display": "100"}, "missing_lines": [], "excluded_lines": [], "start_line": 89}, "_severity_to_level": {"executed_lines": [104], "summary": {"covered_lines": 1, "num_statements": 1, "percent_covered": 100.0, "percent_covered_display": "100", "missing_lines": 0, "excluded_lines": 0, "percent_statements_covered": 100.0, "percent_statements_covered_display": "100"}, "missing_lines": [], "excluded_lines": [], "start_line": 103}, "": {"executed_lines": [3, 5, 6, 7, 8, 10, 11, 13, 15, 16, 19, 89, 103], "summary": {"covered_lines": 13, "num_statements": 13, "percent_covered": 100.0, "percent_covered_display": "100", "missing_lines": 0, "excluded_lines": 0, "percent_statements_covered": 100.0, "percent_statements_covered_display": "100"}, "missing_lines": [], "excluded_lines": [], "start_line": 1}}, "classes": {"": {"executed_lines": [3, 5, 6, 7, 8, 10, 11, 13, 15, 16, 19, 22, 23, 24, 26, 27, 28, 34, 39, 45, 51, 61, 64, 65, 66, 68, 85, 86, 89, 95, 96, 97, 98, 99, 100, 103, 104], "summary": {"covered_lines": 37, "num_statements": 39, "percent_covered": 94.87179487179488, "percent_covered_display": "95", "missing_lines": 2, "excluded_lines": 0, "percent_statements_covered": 94.87179487179488, "percent_statements_covered_display": "95"}, "missing_lines": [35, 52], "excluded_lines": [], "start_line": 1}}}, "fusion_security/utils/__init__.py": {"executed_lines": [], "summary": {"covered_lines": 0, "num_statements": 0, "percent_covered": 100.0, "percent_covered_display": "100", "missing_lines": 0, "excluded_lines": 0, "percent_statements_covered": 100.0, "percent_statements_covered_display": "100"}, "missing_lines": [], "excluded_lines": [], "functions": {"": {"executed_lines": [], "summary": {"covered_lines": 0, "num_statements": 0, "percent_covered": 100.0, "percent_covered_display": "100", "missing_lines": 0, "excluded_lines": 0, "percent_statements_covered": 100.0, "percent_statements_covered_display": "100"}, "missing_lines": [], "excluded_lines": [], "start_line": 1}}, "classes": {"": {"executed_lines": [], "summary": {"covered_lines": 0, "num_statements": 0, "percent_covered": 100.0, "percent_covered_display": "100", "missing_lines": 0, "excluded_lines": 0, "percent_statements_covered": 100.0, "percent_statements_covered_display": "100"}, "missing_lines": [], "excluded_lines": [], "start_line": 1}}}, "fusion_security/utils/logger.py": {"executed_lines": [3, 5, 6, 7, 9, 12, 18, 20, 23, 26, 29, 30, 31, 32, 33, 34, 36, 37, 38, 40, 41, 42, 45, 46, 47, 48, 49, 50, 51, 52, 53, 54], "summary": {"covered_lines": 32, "num_statements": 32, "percent_covered": 100.0, "percent_covered_display": "100", "missing_lines": 0, "excluded_lines": 0, "percent_statements_covered": 100.0, "percent_statements_covered_display": "100"}, "missing_lines": [], "excluded_lines": [], "functions": {"SecretRedactingFilter.filter": {"executed_lines": [30, 31, 32, 33, 34, 36, 37, 38, 40, 41, 42], "summary": {"covered_lines": 11, "num_statements": 11, "percent_covered": 100.0, "percent_covered_display": "100", "missing_lines": 0, "excluded_lines": 0, "percent_statements_covered": 100.0, "percent_statements_covered_display": "100"}, "missing_lines": [], "excluded_lines": [], "start_line": 29}, "setup_logger": {"executed_lines": [46, 47, 48, 49, 50, 51, 52, 53, 54], "summary": {"covered_lines": 9, "num_statements": 9, "percent_covered": 100.0, "percent_covered_display": "100", "missing_lines": 0, "excluded_lines": 0, "percent_statements_covered": 100.0, "percent_statements_covered_display": "100"}, "missing_lines": [], "excluded_lines": [], "start_line": 45}, "": {"executed_lines": [3, 5, 6, 7, 9, 12, 18, 20, 23, 26, 29, 45], "summary": {"covered_lines": 12, "num_statements": 12, "percent_covered": 100.0, "percent_covered_display": "100", "missing_lines": 0, "excluded_lines": 0, "percent_statements_covered": 100.0, "percent_statements_covered_display": "100"}, "missing_lines": [], "excluded_lines": [], "start_line": 1}}, "classes": {"SecretRedactingFilter": {"executed_lines": [30, 31, 32, 33, 34, 36, 37, 38, 40, 41, 42], "summary": {"covered_lines": 11, "num_statements": 11, "percent_covered": 100.0, "percent_covered_display": "100", "missing_lines": 0, "excluded_lines": 0, "percent_statements_covered": 100.0, "percent_statements_covered_display": "100"}, "missing_lines": [], "excluded_lines": [], "start_line": 26}, "": {"executed_lines": [3, 5, 6, 7, 9, 12, 18, 20, 23, 26, 29, 45, 46, 47, 48, 49, 50, 51, 52, 53, 54], "summary": {"covered_lines": 21, "num_statements": 21, "percent_covered": 100.0, "percent_covered_display": "100", "missing_lines": 0, "excluded_lines": 0, "percent_statements_covered": 100.0, "percent_statements_covered_display": "100"}, "missing_lines": [], "excluded_lines": [], "start_line": 1}}}}, "totals": {"covered_lines": 5537, "num_statements": 6146, "percent_covered": 90.09111617312072, "percent_covered_display": "90", "missing_lines": 609, "excluded_lines": 0, "percent_statements_covered": 90.09111617312072, "percent_statements_covered_display": "90"}}